[debug] [2021-09-11T13:20:06.212Z] ----------------------------------------------------------------------
[debug] [2021-09-11T13:20:06.214Z] Command:       /Users/gin/.nvm/versions/node/v16.4.2/bin/node /usr/local/bin/firebase emulators:start
[debug] [2021-09-11T13:20:06.215Z] CLI Version:   9.6.0
[debug] [2021-09-11T13:20:06.215Z] Platform:      darwin
[debug] [2021-09-11T13:20:06.215Z] Node Version:  v16.4.2
[debug] [2021-09-11T13:20:06.216Z] Time:          Sat Sep 11 2021 16:20:06 GMT+0300 (Israel Daylight Time)
[debug] [2021-09-11T13:20:06.216Z] ----------------------------------------------------------------------
[debug] [2021-09-11T13:20:06.216Z] 
[debug] [2021-09-11T13:20:06.223Z] > command requires scopes: ["email","openid","https://www.googleapis.com/auth/cloudplatformprojects.readonly","https://www.googleapis.com/auth/firebase","https://www.googleapis.com/auth/cloud-platform"]
[debug] [2021-09-11T13:20:06.223Z] > authorizing via signed-in user
[info] i  emulators: Starting emulators: functions, hosting {"metadata":{"emulator":{"name":"hub"},"message":"Starting emulators: functions, hosting"}}
[warn] ⚠  emulators: It seems that you are running multiple instances of the emulator suite for project fir-8b960. This may result in unexpected behavior. 
[debug] [2021-09-11T13:20:06.240Z] [hub] writing locator at /var/folders/z3/xfsx8l150xj8j6yv8_z1vdkc0000gn/T/hub-fir-8b960.json
[warn] ⚠  functions: The following emulators are not running, calls to these services from the Functions emulator will affect production: auth, firestore, database, pubsub {"metadata":{"emulator":{"name":"functions"},"message":"The following emulators are not running, calls to these services from the Functions emulator will affect production: \u001b[1mauth, firestore, database, pubsub\u001b[22m"}}
[warn] ⚠  Your requested "node" version "12" doesn't match your global version "16" {"metadata":{"emulator":{"name":"functions"},"message":"Your requested \"node\" version \"12\" doesn't match your global version \"16\""}}
[debug] [2021-09-11T13:20:06.254Z] defaultcredentials: writing to file /Users/gin/.config/firebase/starchenkogin_gmail_com_application_default_credentials.json
[debug] [2021-09-11T13:20:06.256Z] Setting GAC to /Users/gin/.config/firebase/starchenkogin_gmail_com_application_default_credentials.json {"metadata":{"emulator":{"name":"functions"},"message":"Setting GAC to /Users/gin/.config/firebase/starchenkogin_gmail_com_application_default_credentials.json"}}
[debug] [2021-09-11T13:20:06.258Z] > refreshing access token with scopes: []
[debug] [2021-09-11T13:20:06.258Z] >>> HTTP REQUEST POST https://www.googleapis.com/oauth2/v3/token  
 <request body omitted>
[debug] [2021-09-11T13:20:06.555Z] <<< HTTP RESPONSE 200 {"pragma":"no-cache","date":"Sat, 11 Sep 2021 13:20:06 GMT","expires":"Mon, 01 Jan 1990 00:00:00 GMT","cache-control":"no-cache, no-store, max-age=0, must-revalidate","content-type":"application/json; charset=utf-8","vary":"X-Origin, Referer, Origin,Accept-Encoding","server":"scaffolding on HTTPServer2","x-xss-protection":"0","x-frame-options":"SAMEORIGIN","x-content-type-options":"nosniff","alt-svc":"h3=\":443\"; ma=2592000,h3-29=\":443\"; ma=2592000,h3-T051=\":443\"; ma=2592000,h3-Q050=\":443\"; ma=2592000,h3-Q046=\":443\"; ma=2592000,h3-Q043=\":443\"; ma=2592000,quic=\":443\"; ma=2592000; v=\"46,43\"","accept-ranges":"none","transfer-encoding":"chunked"}
[debug] [2021-09-11T13:20:06.571Z] >>> [apiv2][query] GET https://firebase.googleapis.com/v1beta1/projects/fir-8b960/adminSdkConfig [none]
[debug] [2021-09-11T13:20:07.076Z] <<< [apiv2][status] GET https://firebase.googleapis.com/v1beta1/projects/fir-8b960/adminSdkConfig 200
[debug] [2021-09-11T13:20:07.076Z] <<< [apiv2][body] GET https://firebase.googleapis.com/v1beta1/projects/fir-8b960/adminSdkConfig {"projectId":"fir-8b960","storageBucket":"fir-8b960.appspot.com","locationId":"us-central"}
[debug] [2021-09-11T13:20:07.356Z] >>> [apiv2][query] GET https://firebase.googleapis.com/v1beta1/projects/fir-8b960/webApps/-/config [none]
[debug] [2021-09-11T13:20:07.899Z] [work-queue] {"queueLength":1,"workRunningCount":0}
[debug] [2021-09-11T13:20:07.899Z] [work-queue] {"queueLength":0,"workRunningCount":1}
[debug] [2021-09-11T13:20:07.902Z] [work-queue] {"queueLength":0,"workRunningCount":0}
[debug] [2021-09-11T13:20:08.307Z] <<< [apiv2][status] GET https://firebase.googleapis.com/v1beta1/projects/fir-8b960/webApps/-/config 200
[debug] [2021-09-11T13:20:08.307Z] <<< [apiv2][body] GET https://firebase.googleapis.com/v1beta1/projects/fir-8b960/webApps/-/config {"projectId":"fir-8b960","appId":"1:15777246248:web:67edbafb8a88cf040a991d","storageBucket":"fir-8b960.appspot.com","locationId":"us-central","apiKey":"AIzaSyAkMXUOBV6W0EZFzzOdo4e-0Idf7qgs19s","authDomain":"fir-8b960.firebaseapp.com","messagingSenderId":"15777246248"}
[info] i  hosting: Serving hosting files from: build {"metadata":{"emulator":{"name":"hosting"},"message":"Serving hosting files from: \u001b[1mbuild\u001b[22m"}}
[info] ✔  hosting: Local server: http://localhost:5000 {"metadata":{"emulator":{"name":"hosting"},"message":"Local server: \u001b[4m\u001b[1mhttp://localhost:5000\u001b[22m\u001b[24m"}}
[warn] ⚠  ui: Emulator UI unable to start on port 4000, starting on 4002 instead. {"metadata":{"emulator":{"name":"ui"},"message":"Emulator UI unable to start on port 4000, starting on 4002 instead."}}
[debug] [2021-09-11T13:20:08.614Z] Ignoring unsupported arg: auto_download {"metadata":{"emulator":{"name":"ui"},"message":"Ignoring unsupported arg: auto_download"}}
[debug] [2021-09-11T13:20:08.614Z] Ignoring unsupported arg: port {"metadata":{"emulator":{"name":"ui"},"message":"Ignoring unsupported arg: port"}}
[debug] [2021-09-11T13:20:08.615Z] Starting Emulator UI with command {"binary":"node","args":["/Users/gin/.cache/firebase/emulators/ui-v1.4.2/server.bundle.js"],"optionalArgs":[],"joinArgs":false} {"metadata":{"emulator":{"name":"ui"},"message":"Starting Emulator UI with command {\"binary\":\"node\",\"args\":[\"/Users/gin/.cache/firebase/emulators/ui-v1.4.2/server.bundle.js\"],\"optionalArgs\":[],\"joinArgs\":false}"}}
[info] i  ui: Emulator UI logging to ui-debug.log {"metadata":{"emulator":{"name":"ui"},"message":"Emulator UI logging to \u001b[1mui-debug.log\u001b[22m"}}
[debug] [2021-09-11T13:20:08.717Z] Web / API server started at http://localhost:4002
 {"metadata":{"emulator":{"name":"ui"},"message":"Web / API server started at http://localhost:4002\n"}}
[info] i  functions: Watching "/Users/gin/Desktop/amazon-react/functions" for Cloud Functions... {"metadata":{"emulator":{"name":"functions"},"message":"Watching \"/Users/gin/Desktop/amazon-react/functions\" for Cloud Functions..."}}
[debug] [2021-09-11T13:20:08.890Z] [worker-pool] addWorker(~diagnostic~) {"metadata":{"emulator":{"name":"functions"},"message":"[worker-pool] addWorker(~diagnostic~)"}}
[debug] [2021-09-11T13:20:08.891Z] [worker-pool] Adding worker with key ~diagnostic~, total=1 {"metadata":{"emulator":{"name":"functions"},"message":"[worker-pool] Adding worker with key ~diagnostic~, total=1"}}
[debug] [2021-09-11T13:20:08.891Z] [worker-pool] submitWork(triggerId=) {"metadata":{"emulator":{"name":"functions"},"message":"[worker-pool] submitWork(triggerId=)"}}
[debug] [2021-09-11T13:20:08.891Z] [worker-~diagnostic~-cef40ae6-68d3-4eb8-8956-dc2dfbdca5ed]: Assigning socketPath: /var/folders/z3/xfsx8l150xj8j6yv8_z1vdkc0000gn/T/fire_emu_98456.sock {"metadata":{"emulator":{"name":"functions"},"message":"[worker-~diagnostic~-cef40ae6-68d3-4eb8-8956-dc2dfbdca5ed]: Assigning socketPath: /var/folders/z3/xfsx8l150xj8j6yv8_z1vdkc0000gn/T/fire_emu_98456.sock"}}
[debug] [2021-09-11T13:20:08.892Z] [worker-~diagnostic~-cef40ae6-68d3-4eb8-8956-dc2dfbdca5ed]: BUSY {"metadata":{"emulator":{"name":"functions"},"message":"[worker-~diagnostic~-cef40ae6-68d3-4eb8-8956-dc2dfbdca5ed]: BUSY"}}
[debug] [2021-09-11T13:20:09.022Z] [runtime-status] [98456] Functions runtime initialized. {"cwd":"/Users/gin/Desktop/amazon-react/functions","node_version":"16.4.2"} {"metadata":{"emulator":{"name":"functions"},"message":"[runtime-status] [98456] Functions runtime initialized. {\"cwd\":\"/Users/gin/Desktop/amazon-react/functions\",\"node_version\":\"16.4.2\"}"}}
[debug] [2021-09-11T13:20:09.023Z] [runtime-status] [98456] Disabled runtime features: undefined {"metadata":{"emulator":{"name":"functions"},"message":"[runtime-status] [98456] Disabled runtime features: undefined"}}
[debug] [2021-09-11T13:20:09.028Z] [runtime-status] [98456] Resolved module firebase-admin {"declared":true,"installed":true,"version":"9.11.1","resolution":"/Users/gin/Desktop/amazon-react/functions/node_modules/firebase-admin/lib/index.js"} {"metadata":{"emulator":{"name":"functions"},"message":"[runtime-status] [98456] Resolved module firebase-admin {\"declared\":true,\"installed\":true,\"version\":\"9.11.1\",\"resolution\":\"/Users/gin/Desktop/amazon-react/functions/node_modules/firebase-admin/lib/index.js\"}"}}
[debug] [2021-09-11T13:20:09.032Z] [runtime-status] [98456] Resolved module firebase-functions {"declared":true,"installed":true,"version":"3.15.5","resolution":"/Users/gin/Desktop/amazon-react/functions/node_modules/firebase-functions/lib/index.js"} {"metadata":{"emulator":{"name":"functions"},"message":"[runtime-status] [98456] Resolved module firebase-functions {\"declared\":true,\"installed\":true,\"version\":\"3.15.5\",\"resolution\":\"/Users/gin/Desktop/amazon-react/functions/node_modules/firebase-functions/lib/index.js\"}"}}
[debug] [2021-09-11T13:20:09.033Z] [runtime-status] [98456] Resolved module firebase-functions {"declared":true,"installed":true,"version":"3.15.5","resolution":"/Users/gin/Desktop/amazon-react/functions/node_modules/firebase-functions/lib/index.js"} {"metadata":{"emulator":{"name":"functions"},"message":"[runtime-status] [98456] Resolved module firebase-functions {\"declared\":true,\"installed\":true,\"version\":\"3.15.5\",\"resolution\":\"/Users/gin/Desktop/amazon-react/functions/node_modules/firebase-functions/lib/index.js\"}"}}
[debug] [2021-09-11T13:20:09.035Z] [runtime-status] [98456] Outgoing network have been stubbed. [{"name":"http","status":"mocked"},{"name":"http","status":"mocked"},{"name":"https","status":"mocked"},{"name":"https","status":"mocked"},{"name":"net","status":"mocked"}] {"metadata":{"emulator":{"name":"functions"},"message":"[runtime-status] [98456] Outgoing network have been stubbed. [{\"name\":\"http\",\"status\":\"mocked\"},{\"name\":\"http\",\"status\":\"mocked\"},{\"name\":\"https\",\"status\":\"mocked\"},{\"name\":\"https\",\"status\":\"mocked\"},{\"name\":\"net\",\"status\":\"mocked\"}]"}}
[debug] [2021-09-11T13:20:09.036Z] [runtime-status] [98456] Resolved module firebase-functions {"declared":true,"installed":true,"version":"3.15.5","resolution":"/Users/gin/Desktop/amazon-react/functions/node_modules/firebase-functions/lib/index.js"} {"metadata":{"emulator":{"name":"functions"},"message":"[runtime-status] [98456] Resolved module firebase-functions {\"declared\":true,\"installed\":true,\"version\":\"3.15.5\",\"resolution\":\"/Users/gin/Desktop/amazon-react/functions/node_modules/firebase-functions/lib/index.js\"}"}}
[debug] [2021-09-11T13:20:09.091Z] [runtime-status] [98456] Checked functions.config() {"config":{}} {"metadata":{"emulator":{"name":"functions"},"message":"[runtime-status] [98456] Checked functions.config() {\"config\":{}}"}}
[debug] [2021-09-11T13:20:09.091Z] [runtime-status] [98456] firebase-functions has been stubbed. {"functionsResolution":{"declared":true,"installed":true,"version":"3.15.5","resolution":"/Users/gin/Desktop/amazon-react/functions/node_modules/firebase-functions/lib/index.js"}} {"metadata":{"emulator":{"name":"functions"},"message":"[runtime-status] [98456] firebase-functions has been stubbed. {\"functionsResolution\":{\"declared\":true,\"installed\":true,\"version\":\"3.15.5\",\"resolution\":\"/Users/gin/Desktop/amazon-react/functions/node_modules/firebase-functions/lib/index.js\"}}"}}
[debug] [2021-09-11T13:20:09.092Z] [runtime-status] [98456] Resolved module firebase-functions {"declared":true,"installed":true,"version":"3.15.5","resolution":"/Users/gin/Desktop/amazon-react/functions/node_modules/firebase-functions/lib/index.js"} {"metadata":{"emulator":{"name":"functions"},"message":"[runtime-status] [98456] Resolved module firebase-functions {\"declared\":true,\"installed\":true,\"version\":\"3.15.5\",\"resolution\":\"/Users/gin/Desktop/amazon-react/functions/node_modules/firebase-functions/lib/index.js\"}"}}
[debug] [2021-09-11T13:20:09.092Z] [runtime-status] [98456] Resolved module firebase-admin {"declared":true,"installed":true,"version":"9.11.1","resolution":"/Users/gin/Desktop/amazon-react/functions/node_modules/firebase-admin/lib/index.js"} {"metadata":{"emulator":{"name":"functions"},"message":"[runtime-status] [98456] Resolved module firebase-admin {\"declared\":true,\"installed\":true,\"version\":\"9.11.1\",\"resolution\":\"/Users/gin/Desktop/amazon-react/functions/node_modules/firebase-admin/lib/index.js\"}"}}
[debug] [2021-09-11T13:20:09.093Z] [runtime-status] [98456] Resolved module firebase-functions {"declared":true,"installed":true,"version":"3.15.5","resolution":"/Users/gin/Desktop/amazon-react/functions/node_modules/firebase-functions/lib/index.js"} {"metadata":{"emulator":{"name":"functions"},"message":"[runtime-status] [98456] Resolved module firebase-functions {\"declared\":true,\"installed\":true,\"version\":\"3.15.5\",\"resolution\":\"/Users/gin/Desktop/amazon-react/functions/node_modules/firebase-functions/lib/index.js\"}"}}
[debug] [2021-09-11T13:20:09.093Z] [runtime-status] [98456] firebase-admin has been stubbed. {"adminResolution":{"declared":true,"installed":true,"version":"9.11.1","resolution":"/Users/gin/Desktop/amazon-react/functions/node_modules/firebase-admin/lib/index.js"}} {"metadata":{"emulator":{"name":"functions"},"message":"[runtime-status] [98456] firebase-admin has been stubbed. {\"adminResolution\":{\"declared\":true,\"installed\":true,\"version\":\"9.11.1\",\"resolution\":\"/Users/gin/Desktop/amazon-react/functions/node_modules/firebase-admin/lib/index.js\"}}"}}
[info] ✔  functions[api]: http function initialized (http://localhost:5001/fir-8b960/us-central1/api). {"metadata":{"emulator":{"name":"functions"},"message":"\u001b[1mhttp\u001b[22m function initialized (http://localhost:5001/fir-8b960/us-central1/api)."}}
[info] 
┌─────────────────────────────────────────────────────────────┐
│ ✔  All emulators ready! It is now safe to connect your app. │
│ i  View Emulator UI at http://localhost:4002                │
└─────────────────────────────────────────────────────────────┘

┌───────────┬────────────────┬─────────────────────────────────┐
│ Emulator  │ Host:Port      │ View in Emulator UI             │
├───────────┼────────────────┼─────────────────────────────────┤
│ Functions │ localhost:5001 │ http://localhost:4002/functions │
├───────────┼────────────────┼─────────────────────────────────┤
│ Hosting   │ localhost:5000 │ n/a                             │
└───────────┴────────────────┴─────────────────────────────────┘
  Emulator Hub running at localhost:4400
  Other reserved ports: 4500

Issues? Report them at https://github.com/firebase/firebase-tools/issues and attach the *-debug.log files.
 
[debug] [2021-09-11T13:20:09.250Z] [worker-~diagnostic~-cef40ae6-68d3-4eb8-8956-dc2dfbdca5ed]: IDLE {"metadata":{"emulator":{"name":"functions"},"message":"[worker-~diagnostic~-cef40ae6-68d3-4eb8-8956-dc2dfbdca5ed]: IDLE"}}
[debug] [2021-09-11T13:20:18.790Z] [work-queue] {"queueLength":1,"workRunningCount":0}
[debug] [2021-09-11T13:20:18.791Z] [work-queue] {"queueLength":0,"workRunningCount":1}
[debug] [2021-09-11T13:20:18.791Z] Accepted request GET /fir-8b960/us-central1/api --> api
[debug] [2021-09-11T13:20:18.794Z] [worker-pool] addWorker(api) {"metadata":{"emulator":{"name":"functions"},"message":"[worker-pool] addWorker(api)"}}
[debug] [2021-09-11T13:20:18.795Z] [worker-pool] Adding worker with key api, total=1 {"metadata":{"emulator":{"name":"functions"},"message":"[worker-pool] Adding worker with key api, total=1"}}
[debug] [2021-09-11T13:20:18.795Z] [worker-pool] submitWork(triggerId=api) {"metadata":{"emulator":{"name":"functions"},"message":"[worker-pool] submitWork(triggerId=api)"}}
[debug] [2021-09-11T13:20:18.795Z] [worker-api-d6e9fbd5-6c3f-467e-9f4c-581015732512]: Assigning socketPath: /var/folders/z3/xfsx8l150xj8j6yv8_z1vdkc0000gn/T/fire_emu_98460.sock {"metadata":{"emulator":{"name":"functions"},"message":"[worker-api-d6e9fbd5-6c3f-467e-9f4c-581015732512]: Assigning socketPath: /var/folders/z3/xfsx8l150xj8j6yv8_z1vdkc0000gn/T/fire_emu_98460.sock"}}
[debug] [2021-09-11T13:20:18.795Z] [worker-api-d6e9fbd5-6c3f-467e-9f4c-581015732512]: BUSY {"metadata":{"emulator":{"name":"functions"},"message":"[worker-api-d6e9fbd5-6c3f-467e-9f4c-581015732512]: BUSY"}}
[debug] [2021-09-11T13:20:18.925Z] [runtime-status] [98460] Functions runtime initialized. {"cwd":"/Users/gin/Desktop/amazon-react/functions","node_version":"16.4.2"} {"metadata":{"emulator":{"name":"functions"},"function":{"name":"api"},"message":"[runtime-status] [98460] Functions runtime initialized. {\"cwd\":\"/Users/gin/Desktop/amazon-react/functions\",\"node_version\":\"16.4.2\"}"}}
[debug] [2021-09-11T13:20:18.927Z] [runtime-status] [98460] Disabled runtime features: undefined {"metadata":{"emulator":{"name":"functions"},"function":{"name":"api"},"message":"[runtime-status] [98460] Disabled runtime features: undefined"}}
[debug] [2021-09-11T13:20:18.928Z] [runtime-status] [98460] Resolved module firebase-admin {"declared":true,"installed":true,"version":"9.11.1","resolution":"/Users/gin/Desktop/amazon-react/functions/node_modules/firebase-admin/lib/index.js"} {"metadata":{"emulator":{"name":"functions"},"function":{"name":"api"},"message":"[runtime-status] [98460] Resolved module firebase-admin {\"declared\":true,\"installed\":true,\"version\":\"9.11.1\",\"resolution\":\"/Users/gin/Desktop/amazon-react/functions/node_modules/firebase-admin/lib/index.js\"}"}}
[debug] [2021-09-11T13:20:18.931Z] [runtime-status] [98460] Resolved module firebase-functions {"declared":true,"installed":true,"version":"3.15.5","resolution":"/Users/gin/Desktop/amazon-react/functions/node_modules/firebase-functions/lib/index.js"} {"metadata":{"emulator":{"name":"functions"},"function":{"name":"api"},"message":"[runtime-status] [98460] Resolved module firebase-functions {\"declared\":true,\"installed\":true,\"version\":\"3.15.5\",\"resolution\":\"/Users/gin/Desktop/amazon-react/functions/node_modules/firebase-functions/lib/index.js\"}"}}
[debug] [2021-09-11T13:20:18.932Z] [runtime-status] [98460] Resolved module firebase-functions {"declared":true,"installed":true,"version":"3.15.5","resolution":"/Users/gin/Desktop/amazon-react/functions/node_modules/firebase-functions/lib/index.js"} {"metadata":{"emulator":{"name":"functions"},"function":{"name":"api"},"message":"[runtime-status] [98460] Resolved module firebase-functions {\"declared\":true,\"installed\":true,\"version\":\"3.15.5\",\"resolution\":\"/Users/gin/Desktop/amazon-react/functions/node_modules/firebase-functions/lib/index.js\"}"}}
[debug] [2021-09-11T13:20:18.934Z] [runtime-status] [98460] Outgoing network have been stubbed. [{"name":"http","status":"mocked"},{"name":"http","status":"mocked"},{"name":"https","status":"mocked"},{"name":"https","status":"mocked"},{"name":"net","status":"mocked"}] {"metadata":{"emulator":{"name":"functions"},"function":{"name":"api"},"message":"[runtime-status] [98460] Outgoing network have been stubbed. [{\"name\":\"http\",\"status\":\"mocked\"},{\"name\":\"http\",\"status\":\"mocked\"},{\"name\":\"https\",\"status\":\"mocked\"},{\"name\":\"https\",\"status\":\"mocked\"},{\"name\":\"net\",\"status\":\"mocked\"}]"}}
[debug] [2021-09-11T13:20:18.935Z] [runtime-status] [98460] Resolved module firebase-functions {"declared":true,"installed":true,"version":"3.15.5","resolution":"/Users/gin/Desktop/amazon-react/functions/node_modules/firebase-functions/lib/index.js"} {"metadata":{"emulator":{"name":"functions"},"function":{"name":"api"},"message":"[runtime-status] [98460] Resolved module firebase-functions {\"declared\":true,\"installed\":true,\"version\":\"3.15.5\",\"resolution\":\"/Users/gin/Desktop/amazon-react/functions/node_modules/firebase-functions/lib/index.js\"}"}}
[debug] [2021-09-11T13:20:18.970Z] [runtime-status] [98460] Checked functions.config() {"config":{}} {"metadata":{"emulator":{"name":"functions"},"function":{"name":"api"},"message":"[runtime-status] [98460] Checked functions.config() {\"config\":{}}"}}
[debug] [2021-09-11T13:20:18.970Z] [runtime-status] [98460] firebase-functions has been stubbed. {"functionsResolution":{"declared":true,"installed":true,"version":"3.15.5","resolution":"/Users/gin/Desktop/amazon-react/functions/node_modules/firebase-functions/lib/index.js"}} {"metadata":{"emulator":{"name":"functions"},"function":{"name":"api"},"message":"[runtime-status] [98460] firebase-functions has been stubbed. {\"functionsResolution\":{\"declared\":true,\"installed\":true,\"version\":\"3.15.5\",\"resolution\":\"/Users/gin/Desktop/amazon-react/functions/node_modules/firebase-functions/lib/index.js\"}}"}}
[debug] [2021-09-11T13:20:18.971Z] [runtime-status] [98460] Resolved module firebase-functions {"declared":true,"installed":true,"version":"3.15.5","resolution":"/Users/gin/Desktop/amazon-react/functions/node_modules/firebase-functions/lib/index.js"} {"metadata":{"emulator":{"name":"functions"},"function":{"name":"api"},"message":"[runtime-status] [98460] Resolved module firebase-functions {\"declared\":true,\"installed\":true,\"version\":\"3.15.5\",\"resolution\":\"/Users/gin/Desktop/amazon-react/functions/node_modules/firebase-functions/lib/index.js\"}"}}
[debug] [2021-09-11T13:20:18.972Z] [runtime-status] [98460] Resolved module firebase-admin {"declared":true,"installed":true,"version":"9.11.1","resolution":"/Users/gin/Desktop/amazon-react/functions/node_modules/firebase-admin/lib/index.js"} {"metadata":{"emulator":{"name":"functions"},"function":{"name":"api"},"message":"[runtime-status] [98460] Resolved module firebase-admin {\"declared\":true,\"installed\":true,\"version\":\"9.11.1\",\"resolution\":\"/Users/gin/Desktop/amazon-react/functions/node_modules/firebase-admin/lib/index.js\"}"}}
[debug] [2021-09-11T13:20:18.972Z] [runtime-status] [98460] Resolved module firebase-functions {"declared":true,"installed":true,"version":"3.15.5","resolution":"/Users/gin/Desktop/amazon-react/functions/node_modules/firebase-functions/lib/index.js"} {"metadata":{"emulator":{"name":"functions"},"function":{"name":"api"},"message":"[runtime-status] [98460] Resolved module firebase-functions {\"declared\":true,\"installed\":true,\"version\":\"3.15.5\",\"resolution\":\"/Users/gin/Desktop/amazon-react/functions/node_modules/firebase-functions/lib/index.js\"}"}}
[debug] [2021-09-11T13:20:18.972Z] [runtime-status] [98460] firebase-admin has been stubbed. {"adminResolution":{"declared":true,"installed":true,"version":"9.11.1","resolution":"/Users/gin/Desktop/amazon-react/functions/node_modules/firebase-admin/lib/index.js"}} {"metadata":{"emulator":{"name":"functions"},"function":{"name":"api"},"message":"[runtime-status] [98460] firebase-admin has been stubbed. {\"adminResolution\":{\"declared\":true,\"installed\":true,\"version\":\"9.11.1\",\"resolution\":\"/Users/gin/Desktop/amazon-react/functions/node_modules/firebase-admin/lib/index.js\"}}"}}
[debug] [2021-09-11T13:20:19.073Z] [runtime-status] [98460] Trigger "api" has been found, beginning invocation! {"metadata":{"emulator":{"name":"functions"},"function":{"name":"api"},"message":"[runtime-status] [98460] Trigger \"api\" has been found, beginning invocation!"}}
[info] i  functions: Beginning execution of "api" {"metadata":{"emulator":{"name":"functions"},"function":{"name":"api"},"message":"Beginning execution of \"api\""}}
[debug] [2021-09-11T13:20:19.074Z] [runtime-status] [98460] triggerDefinition {"httpsTrigger":{},"name":"api","entryPoint":"api"} {"metadata":{"emulator":{"name":"functions"},"function":{"name":"api"},"message":"[runtime-status] [98460] triggerDefinition {\"httpsTrigger\":{},\"name\":\"api\",\"entryPoint\":\"api\"}"}}
[debug] [2021-09-11T13:20:19.074Z] [runtime-status] [98460] Running api in mode HTTPS {"metadata":{"emulator":{"name":"functions"},"function":{"name":"api"},"message":"[runtime-status] [98460] Running api in mode HTTPS"}}
[debug] [2021-09-11T13:20:19.077Z] [runtime-status] [98460] Attempting to listen to socketPath: /var/folders/z3/xfsx8l150xj8j6yv8_z1vdkc0000gn/T/fire_emu_98460.sock {"metadata":{"emulator":{"name":"functions"},"function":{"name":"api"},"message":"[runtime-status] [98460] Attempting to listen to socketPath: /var/folders/z3/xfsx8l150xj8j6yv8_z1vdkc0000gn/T/fire_emu_98460.sock"}}
[debug] [2021-09-11T13:20:19.080Z] [functions] Runtime ready! Sending request! {"metadata":{"emulator":{"name":"functions"},"message":"[functions] Runtime ready! Sending request!"}}
[debug] [2021-09-11T13:20:19.080Z] [functions] Got req.url=/fir-8b960/us-central1/api, mapping to path=/ {"metadata":{"emulator":{"name":"functions"},"message":"[functions] Got req.url=/fir-8b960/us-central1/api, mapping to path=/"}}
[debug] [2021-09-11T13:20:19.086Z] [runtime-status] [98460] Ephemeral server handling GET request {"metadata":{"emulator":{"name":"functions"},"function":{"name":"api"},"message":"[runtime-status] [98460] Ephemeral server handling GET request"}}
[debug] [2021-09-11T13:20:19.092Z] [runtime-status] [98460] Ephemeral server survived. {"metadata":{"emulator":{"name":"functions"},"function":{"name":"api"},"message":"[runtime-status] [98460] Ephemeral server survived."}}
[info] i  functions: Finished "api" in ~1s {"metadata":{"emulator":{"name":"functions"},"function":{"name":"api"},"message":"Finished \"api\" in ~1s"}}
[debug] [2021-09-11T13:20:19.094Z] [worker-api-d6e9fbd5-6c3f-467e-9f4c-581015732512]: IDLE {"metadata":{"emulator":{"name":"functions"},"message":"[worker-api-d6e9fbd5-6c3f-467e-9f4c-581015732512]: IDLE"}}
[debug] [2021-09-11T13:20:19.094Z] [work-queue] {"queueLength":0,"workRunningCount":0}
[debug] [2021-09-11T13:20:39.043Z] [work-queue] {"queueLength":1,"workRunningCount":0}
[debug] [2021-09-11T13:20:39.044Z] [work-queue] {"queueLength":0,"workRunningCount":1}
[debug] [2021-09-11T13:20:39.044Z] Accepted request OPTIONS /fir-8b960/us-central1/api/payments/create?total=0 --> api
[debug] [2021-09-11T13:20:39.044Z] [worker-pool] submitWork(triggerId=api) {"metadata":{"emulator":{"name":"functions"},"message":"[worker-pool] submitWork(triggerId=api)"}}
[debug] [2021-09-11T13:20:39.044Z] [worker-api-d6e9fbd5-6c3f-467e-9f4c-581015732512]: Assigning socketPath: /var/folders/z3/xfsx8l150xj8j6yv8_z1vdkc0000gn/T/fire_emu_98460.sock {"metadata":{"emulator":{"name":"functions"},"message":"[worker-api-d6e9fbd5-6c3f-467e-9f4c-581015732512]: Assigning socketPath: /var/folders/z3/xfsx8l150xj8j6yv8_z1vdkc0000gn/T/fire_emu_98460.sock"}}
[debug] [2021-09-11T13:20:39.044Z] [worker-api-d6e9fbd5-6c3f-467e-9f4c-581015732512]: BUSY {"metadata":{"emulator":{"name":"functions"},"message":"[worker-api-d6e9fbd5-6c3f-467e-9f4c-581015732512]: BUSY"}}
[debug] [2021-09-11T13:20:39.045Z] [runtime-status] [98460] Trigger "api" has been found, beginning invocation! {"metadata":{"emulator":{"name":"functions"},"function":{"name":"api"},"message":"[runtime-status] [98460] Trigger \"api\" has been found, beginning invocation!"}}
[info] i  functions: Beginning execution of "api" {"metadata":{"emulator":{"name":"functions"},"function":{"name":"api"},"message":"Beginning execution of \"api\""}}
[debug] [2021-09-11T13:20:39.046Z] [runtime-status] [98460] triggerDefinition {"httpsTrigger":{},"name":"api","entryPoint":"api"} {"metadata":{"emulator":{"name":"functions"},"function":{"name":"api"},"message":"[runtime-status] [98460] triggerDefinition {\"httpsTrigger\":{},\"name\":\"api\",\"entryPoint\":\"api\"}"}}
[debug] [2021-09-11T13:20:39.046Z] [runtime-status] [98460] Running api in mode HTTPS {"metadata":{"emulator":{"name":"functions"},"function":{"name":"api"},"message":"[runtime-status] [98460] Running api in mode HTTPS"}}
[debug] [2021-09-11T13:20:39.046Z] [runtime-status] [98460] Attempting to listen to socketPath: /var/folders/z3/xfsx8l150xj8j6yv8_z1vdkc0000gn/T/fire_emu_98460.sock {"metadata":{"emulator":{"name":"functions"},"function":{"name":"api"},"message":"[runtime-status] [98460] Attempting to listen to socketPath: /var/folders/z3/xfsx8l150xj8j6yv8_z1vdkc0000gn/T/fire_emu_98460.sock"}}
[debug] [2021-09-11T13:20:39.051Z] [functions] Runtime ready! Sending request! {"metadata":{"emulator":{"name":"functions"},"message":"[functions] Runtime ready! Sending request!"}}
[debug] [2021-09-11T13:20:39.051Z] [functions] Got req.url=/fir-8b960/us-central1/api/payments/create?total=0, mapping to path=/payments/create?total=0 {"metadata":{"emulator":{"name":"functions"},"message":"[functions] Got req.url=/fir-8b960/us-central1/api/payments/create?total=0, mapping to path=/payments/create?total=0"}}
[debug] [2021-09-11T13:20:39.056Z] [runtime-status] [98460] Ephemeral server handling OPTIONS request {"metadata":{"emulator":{"name":"functions"},"function":{"name":"api"},"message":"[runtime-status] [98460] Ephemeral server handling OPTIONS request"}}
[debug] [2021-09-11T13:20:39.057Z] [runtime-status] [98460] Ephemeral server survived. {"metadata":{"emulator":{"name":"functions"},"function":{"name":"api"},"message":"[runtime-status] [98460] Ephemeral server survived."}}
[info] i  functions: Finished "api" in ~1s {"metadata":{"emulator":{"name":"functions"},"function":{"name":"api"},"message":"Finished \"api\" in ~1s"}}
[debug] [2021-09-11T13:20:39.058Z] [worker-api-d6e9fbd5-6c3f-467e-9f4c-581015732512]: IDLE {"metadata":{"emulator":{"name":"functions"},"message":"[worker-api-d6e9fbd5-6c3f-467e-9f4c-581015732512]: IDLE"}}
[debug] [2021-09-11T13:20:39.058Z] [work-queue] {"queueLength":0,"workRunningCount":0}
[debug] [2021-09-11T13:20:39.060Z] [work-queue] {"queueLength":1,"workRunningCount":0}
[debug] [2021-09-11T13:20:39.060Z] [work-queue] {"queueLength":0,"workRunningCount":1}
[debug] [2021-09-11T13:20:39.060Z] Accepted request POST /fir-8b960/us-central1/api/payments/create?total=0 --> api
[debug] [2021-09-11T13:20:39.060Z] [worker-pool] submitWork(triggerId=api) {"metadata":{"emulator":{"name":"functions"},"message":"[worker-pool] submitWork(triggerId=api)"}}
[debug] [2021-09-11T13:20:39.060Z] [worker-api-d6e9fbd5-6c3f-467e-9f4c-581015732512]: Assigning socketPath: /var/folders/z3/xfsx8l150xj8j6yv8_z1vdkc0000gn/T/fire_emu_98460.sock {"metadata":{"emulator":{"name":"functions"},"message":"[worker-api-d6e9fbd5-6c3f-467e-9f4c-581015732512]: Assigning socketPath: /var/folders/z3/xfsx8l150xj8j6yv8_z1vdkc0000gn/T/fire_emu_98460.sock"}}
[debug] [2021-09-11T13:20:39.061Z] [worker-api-d6e9fbd5-6c3f-467e-9f4c-581015732512]: BUSY {"metadata":{"emulator":{"name":"functions"},"message":"[worker-api-d6e9fbd5-6c3f-467e-9f4c-581015732512]: BUSY"}}
[debug] [2021-09-11T13:20:39.071Z] [runtime-status] [98460] Trigger "api" has been found, beginning invocation! {"metadata":{"emulator":{"name":"functions"},"function":{"name":"api"},"message":"[runtime-status] [98460] Trigger \"api\" has been found, beginning invocation!"}}
[info] i  functions: Beginning execution of "api" {"metadata":{"emulator":{"name":"functions"},"function":{"name":"api"},"message":"Beginning execution of \"api\""}}
[debug] [2021-09-11T13:20:39.071Z] [runtime-status] [98460] triggerDefinition {"httpsTrigger":{},"name":"api","entryPoint":"api"} {"metadata":{"emulator":{"name":"functions"},"function":{"name":"api"},"message":"[runtime-status] [98460] triggerDefinition {\"httpsTrigger\":{},\"name\":\"api\",\"entryPoint\":\"api\"}"}}
[debug] [2021-09-11T13:20:39.072Z] [runtime-status] [98460] Running api in mode HTTPS {"metadata":{"emulator":{"name":"functions"},"function":{"name":"api"},"message":"[runtime-status] [98460] Running api in mode HTTPS"}}
[debug] [2021-09-11T13:20:39.072Z] [runtime-status] [98460] Attempting to listen to socketPath: /var/folders/z3/xfsx8l150xj8j6yv8_z1vdkc0000gn/T/fire_emu_98460.sock {"metadata":{"emulator":{"name":"functions"},"function":{"name":"api"},"message":"[runtime-status] [98460] Attempting to listen to socketPath: /var/folders/z3/xfsx8l150xj8j6yv8_z1vdkc0000gn/T/fire_emu_98460.sock"}}
[debug] [2021-09-11T13:20:39.073Z] [functions] Runtime ready! Sending request! {"metadata":{"emulator":{"name":"functions"},"message":"[functions] Runtime ready! Sending request!"}}
[debug] [2021-09-11T13:20:39.073Z] [functions] Got req.url=/fir-8b960/us-central1/api/payments/create?total=0, mapping to path=/payments/create?total=0 {"metadata":{"emulator":{"name":"functions"},"message":"[functions] Got req.url=/fir-8b960/us-central1/api/payments/create?total=0, mapping to path=/payments/create?total=0"}}
[debug] [2021-09-11T13:20:39.075Z] [runtime-status] [98460] Ephemeral server handling POST request {"metadata":{"emulator":{"name":"functions"},"function":{"name":"api"},"message":"[runtime-status] [98460] Ephemeral server handling POST request"}}
[info] >  Payment Request Resieved !!! 0 {"user":"Payment Request Resieved !!! 0","metadata":{"emulator":{"name":"functions"},"function":{"name":"api"},"message":"\u001b[90m> \u001b[39m Payment Request Resieved !!! 0"}}
[debug] [2021-09-11T13:20:39.092Z] [runtime-status] [98460] Ephemeral server survived. {"metadata":{"emulator":{"name":"functions"},"function":{"name":"api"},"message":"[runtime-status] [98460] Ephemeral server survived."}}
[info] >  /Users/gin/Desktop/amazon-react/functions/node_modules/stripe/lib/Error.js:40 {"user":"/Users/gin/Desktop/amazon-react/functions/node_modules/stripe/lib/Error.js:40","metadata":{"emulator":{"name":"functions"},"function":{"name":"api"},"message":"\u001b[90m> \u001b[39m /Users/gin/Desktop/amazon-react/functions/node_modules/stripe/lib/Error.js:40"}}
[info] >          return new StripeInvalidRequestError(rawStripeError); {"user":"        return new StripeInvalidRequestError(rawStripeError);","metadata":{"emulator":{"name":"functions"},"function":{"name":"api"},"message":"\u001b[90m> \u001b[39m         return new StripeInvalidRequestError(rawStripeError);"}}
[info] >                 ^ {"user":"               ^","metadata":{"emulator":{"name":"functions"},"function":{"name":"api"},"message":"\u001b[90m> \u001b[39m                ^"}}
[info] >   {"user":"","metadata":{"emulator":{"name":"functions"},"function":{"name":"api"},"message":"\u001b[90m> \u001b[39m "}}
[info] >  StripeInvalidRequestError: This value must be greater than or equal to 1. {"user":"StripeInvalidRequestError: This value must be greater than or equal to 1.","metadata":{"emulator":{"name":"functions"},"function":{"name":"api"},"message":"\u001b[90m> \u001b[39m StripeInvalidRequestError: This value must be greater than or equal to 1."}}
[info] >      at Function.generate (/Users/gin/Desktop/amazon-react/functions/node_modules/stripe/lib/Error.js:40:16) {"user":"    at Function.generate (/Users/gin/Desktop/amazon-react/functions/node_modules/stripe/lib/Error.js:40:16)","metadata":{"emulator":{"name":"functions"},"function":{"name":"api"},"message":"\u001b[90m> \u001b[39m     at Function.generate (/Users/gin/Desktop/amazon-react/functions/node_modules/stripe/lib/Error.js:40:16)"}}
[info] >      at res.toJSON.then.StripeAPIError.message (/Users/gin/Desktop/amazon-react/functions/node_modules/stripe/lib/StripeResource.js:220:35) {"user":"    at res.toJSON.then.StripeAPIError.message (/Users/gin/Desktop/amazon-react/functions/node_modules/stripe/lib/StripeResource.js:220:35)","metadata":{"emulator":{"name":"functions"},"function":{"name":"api"},"message":"\u001b[90m> \u001b[39m     at res.toJSON.then.StripeAPIError.message (/Users/gin/Desktop/amazon-react/functions/node_modules/stripe/lib/StripeResource.js:220:35)"}}
[info] >      at processTicksAndRejections (node:internal/process/task_queues:96:5) { {"user":"    at processTicksAndRejections (node:internal/process/task_queues:96:5) {","metadata":{"emulator":{"name":"functions"},"function":{"name":"api"},"message":"\u001b[90m> \u001b[39m     at processTicksAndRejections (node:internal/process/task_queues:96:5) {"}}
[info] >    type: 'StripeInvalidRequestError', {"user":"  type: 'StripeInvalidRequestError',","metadata":{"emulator":{"name":"functions"},"function":{"name":"api"},"message":"\u001b[90m> \u001b[39m   type: 'StripeInvalidRequestError',"}}
[info] >    raw: { {"user":"  raw: {","metadata":{"emulator":{"name":"functions"},"function":{"name":"api"},"message":"\u001b[90m> \u001b[39m   raw: {"}}
[info] >      code: 'parameter_invalid_integer', {"user":"    code: 'parameter_invalid_integer',","metadata":{"emulator":{"name":"functions"},"function":{"name":"api"},"message":"\u001b[90m> \u001b[39m     code: 'parameter_invalid_integer',"}}
[info] >      doc_url: 'https://stripe.com/docs/error-codes/parameter-invalid-integer', {"user":"    doc_url: 'https://stripe.com/docs/error-codes/parameter-invalid-integer',","metadata":{"emulator":{"name":"functions"},"function":{"name":"api"},"message":"\u001b[90m> \u001b[39m     doc_url: 'https://stripe.com/docs/error-codes/parameter-invalid-integer',"}}
[info] >      message: 'This value must be greater than or equal to 1.', {"user":"    message: 'This value must be greater than or equal to 1.',","metadata":{"emulator":{"name":"functions"},"function":{"name":"api"},"message":"\u001b[90m> \u001b[39m     message: 'This value must be greater than or equal to 1.',"}}
[info] >      param: 'amount', {"user":"    param: 'amount',","metadata":{"emulator":{"name":"functions"},"function":{"name":"api"},"message":"\u001b[90m> \u001b[39m     param: 'amount',"}}
[info] >      type: 'invalid_request_error', {"user":"    type: 'invalid_request_error',","metadata":{"emulator":{"name":"functions"},"function":{"name":"api"},"message":"\u001b[90m> \u001b[39m     type: 'invalid_request_error',"}}
[info] >      headers: { {"user":"    headers: {","metadata":{"emulator":{"name":"functions"},"function":{"name":"api"},"message":"\u001b[90m> \u001b[39m     headers: {"}}
[info] >        server: 'nginx', {"user":"      server: 'nginx',","metadata":{"emulator":{"name":"functions"},"function":{"name":"api"},"message":"\u001b[90m> \u001b[39m       server: 'nginx',"}}
[info] >        date: 'Sat, 11 Sep 2021 13:20:39 GMT', {"user":"      date: 'Sat, 11 Sep 2021 13:20:39 GMT',","metadata":{"emulator":{"name":"functions"},"function":{"name":"api"},"message":"\u001b[90m> \u001b[39m       date: 'Sat, 11 Sep 2021 13:20:39 GMT',"}}
[info] >        'content-type': 'application/json', {"user":"      'content-type': 'application/json',","metadata":{"emulator":{"name":"functions"},"function":{"name":"api"},"message":"\u001b[90m> \u001b[39m       'content-type': 'application/json',"}}
[info] >        'content-length': '266', {"user":"      'content-length': '266',","metadata":{"emulator":{"name":"functions"},"function":{"name":"api"},"message":"\u001b[90m> \u001b[39m       'content-length': '266',"}}
[info] >        connection: 'keep-alive', {"user":"      connection: 'keep-alive',","metadata":{"emulator":{"name":"functions"},"function":{"name":"api"},"message":"\u001b[90m> \u001b[39m       connection: 'keep-alive',"}}
[info] >        'access-control-allow-credentials': 'true', {"user":"      'access-control-allow-credentials': 'true',","metadata":{"emulator":{"name":"functions"},"function":{"name":"api"},"message":"\u001b[90m> \u001b[39m       'access-control-allow-credentials': 'true',"}}
[info] >        'access-control-allow-methods': 'GET, POST, HEAD, OPTIONS, DELETE', {"user":"      'access-control-allow-methods': 'GET, POST, HEAD, OPTIONS, DELETE',","metadata":{"emulator":{"name":"functions"},"function":{"name":"api"},"message":"\u001b[90m> \u001b[39m       'access-control-allow-methods': 'GET, POST, HEAD, OPTIONS, DELETE',"}}
[info] >        'access-control-allow-origin': '*', {"user":"      'access-control-allow-origin': '*',","metadata":{"emulator":{"name":"functions"},"function":{"name":"api"},"message":"\u001b[90m> \u001b[39m       'access-control-allow-origin': '*',"}}
[info] >        'access-control-expose-headers': 'Request-Id, Stripe-Manage-Version, X-Stripe-External-Auth-Required, X-Stripe-Privileged-Session-Required', {"user":"      'access-control-expose-headers': 'Request-Id, Stripe-Manage-Version, X-Stripe-External-Auth-Required, X-Stripe-Privileged-Session-Required',","metadata":{"emulator":{"name":"functions"},"function":{"name":"api"},"message":"\u001b[90m> \u001b[39m       'access-control-expose-headers': 'Request-Id, Stripe-Manage-Version, X-Stripe-External-Auth-Required, X-Stripe-Privileged-Session-Required',"}}
[info] >        'access-control-max-age': '300', {"user":"      'access-control-max-age': '300',","metadata":{"emulator":{"name":"functions"},"function":{"name":"api"},"message":"\u001b[90m> \u001b[39m       'access-control-max-age': '300',"}}
[info] >        'cache-control': 'no-cache, no-store', {"user":"      'cache-control': 'no-cache, no-store',","metadata":{"emulator":{"name":"functions"},"function":{"name":"api"},"message":"\u001b[90m> \u001b[39m       'cache-control': 'no-cache, no-store',"}}
[info] >        'request-id': 'req_mmWkjWlgnVHPqy', {"user":"      'request-id': 'req_mmWkjWlgnVHPqy',","metadata":{"emulator":{"name":"functions"},"function":{"name":"api"},"message":"\u001b[90m> \u001b[39m       'request-id': 'req_mmWkjWlgnVHPqy',"}}
[info] >        'stripe-version': '2020-08-27', {"user":"      'stripe-version': '2020-08-27',","metadata":{"emulator":{"name":"functions"},"function":{"name":"api"},"message":"\u001b[90m> \u001b[39m       'stripe-version': '2020-08-27',"}}
[info] >        'x-stripe-c-cost': '0', {"user":"      'x-stripe-c-cost': '0',","metadata":{"emulator":{"name":"functions"},"function":{"name":"api"},"message":"\u001b[90m> \u001b[39m       'x-stripe-c-cost': '0',"}}
[info] >        'strict-transport-security': 'max-age=31556926; includeSubDomains; preload' {"user":"      'strict-transport-security': 'max-age=31556926; includeSubDomains; preload'","metadata":{"emulator":{"name":"functions"},"function":{"name":"api"},"message":"\u001b[90m> \u001b[39m       'strict-transport-security': 'max-age=31556926; includeSubDomains; preload'"}}
[info] >      }, {"user":"    },","metadata":{"emulator":{"name":"functions"},"function":{"name":"api"},"message":"\u001b[90m> \u001b[39m     },"}}
[info] >      statusCode: 400, {"user":"    statusCode: 400,","metadata":{"emulator":{"name":"functions"},"function":{"name":"api"},"message":"\u001b[90m> \u001b[39m     statusCode: 400,"}}
[info] >      requestId: 'req_mmWkjWlgnVHPqy' {"user":"    requestId: 'req_mmWkjWlgnVHPqy'","metadata":{"emulator":{"name":"functions"},"function":{"name":"api"},"message":"\u001b[90m> \u001b[39m     requestId: 'req_mmWkjWlgnVHPqy'"}}
[info] >    }, {"user":"  },","metadata":{"emulator":{"name":"functions"},"function":{"name":"api"},"message":"\u001b[90m> \u001b[39m   },"}}
[info] >    rawType: 'invalid_request_error', {"user":"  rawType: 'invalid_request_error',","metadata":{"emulator":{"name":"functions"},"function":{"name":"api"},"message":"\u001b[90m> \u001b[39m   rawType: 'invalid_request_error',"}}
[info] >    code: 'parameter_invalid_integer', {"user":"  code: 'parameter_invalid_integer',","metadata":{"emulator":{"name":"functions"},"function":{"name":"api"},"message":"\u001b[90m> \u001b[39m   code: 'parameter_invalid_integer',"}}
[info] >    doc_url: 'https://stripe.com/docs/error-codes/parameter-invalid-integer', {"user":"  doc_url: 'https://stripe.com/docs/error-codes/parameter-invalid-integer',","metadata":{"emulator":{"name":"functions"},"function":{"name":"api"},"message":"\u001b[90m> \u001b[39m   doc_url: 'https://stripe.com/docs/error-codes/parameter-invalid-integer',"}}
[info] >    param: 'amount', {"user":"  param: 'amount',","metadata":{"emulator":{"name":"functions"},"function":{"name":"api"},"message":"\u001b[90m> \u001b[39m   param: 'amount',"}}
[info] >    detail: undefined, {"user":"  detail: undefined,","metadata":{"emulator":{"name":"functions"},"function":{"name":"api"},"message":"\u001b[90m> \u001b[39m   detail: undefined,"}}
[info] >    headers: { {"user":"  headers: {","metadata":{"emulator":{"name":"functions"},"function":{"name":"api"},"message":"\u001b[90m> \u001b[39m   headers: {"}}
[info] >      server: 'nginx', {"user":"    server: 'nginx',","metadata":{"emulator":{"name":"functions"},"function":{"name":"api"},"message":"\u001b[90m> \u001b[39m     server: 'nginx',"}}
[info] >      date: 'Sat, 11 Sep 2021 13:20:39 GMT', {"user":"    date: 'Sat, 11 Sep 2021 13:20:39 GMT',","metadata":{"emulator":{"name":"functions"},"function":{"name":"api"},"message":"\u001b[90m> \u001b[39m     date: 'Sat, 11 Sep 2021 13:20:39 GMT',"}}
[info] >      'content-type': 'application/json', {"user":"    'content-type': 'application/json',","metadata":{"emulator":{"name":"functions"},"function":{"name":"api"},"message":"\u001b[90m> \u001b[39m     'content-type': 'application/json',"}}
[info] >      'content-length': '266', {"user":"    'content-length': '266',","metadata":{"emulator":{"name":"functions"},"function":{"name":"api"},"message":"\u001b[90m> \u001b[39m     'content-length': '266',"}}
[info] >      connection: 'keep-alive', {"user":"    connection: 'keep-alive',","metadata":{"emulator":{"name":"functions"},"function":{"name":"api"},"message":"\u001b[90m> \u001b[39m     connection: 'keep-alive',"}}
[info] >      'access-control-allow-credentials': 'true', {"user":"    'access-control-allow-credentials': 'true',","metadata":{"emulator":{"name":"functions"},"function":{"name":"api"},"message":"\u001b[90m> \u001b[39m     'access-control-allow-credentials': 'true',"}}
[info] >      'access-control-allow-methods': 'GET, POST, HEAD, OPTIONS, DELETE', {"user":"    'access-control-allow-methods': 'GET, POST, HEAD, OPTIONS, DELETE',","metadata":{"emulator":{"name":"functions"},"function":{"name":"api"},"message":"\u001b[90m> \u001b[39m     'access-control-allow-methods': 'GET, POST, HEAD, OPTIONS, DELETE',"}}
[info] >      'access-control-allow-origin': '*', {"user":"    'access-control-allow-origin': '*',","metadata":{"emulator":{"name":"functions"},"function":{"name":"api"},"message":"\u001b[90m> \u001b[39m     'access-control-allow-origin': '*',"}}
[info] >      'access-control-expose-headers': 'Request-Id, Stripe-Manage-Version, X-Stripe-External-Auth-Required, X-Stripe-Privileged-Session-Required', {"user":"    'access-control-expose-headers': 'Request-Id, Stripe-Manage-Version, X-Stripe-External-Auth-Required, X-Stripe-Privileged-Session-Required',","metadata":{"emulator":{"name":"functions"},"function":{"name":"api"},"message":"\u001b[90m> \u001b[39m     'access-control-expose-headers': 'Request-Id, Stripe-Manage-Version, X-Stripe-External-Auth-Required, X-Stripe-Privileged-Session-Required',"}}
[info] >      'access-control-max-age': '300', {"user":"    'access-control-max-age': '300',","metadata":{"emulator":{"name":"functions"},"function":{"name":"api"},"message":"\u001b[90m> \u001b[39m     'access-control-max-age': '300',"}}
[info] >      'cache-control': 'no-cache, no-store', {"user":"    'cache-control': 'no-cache, no-store',","metadata":{"emulator":{"name":"functions"},"function":{"name":"api"},"message":"\u001b[90m> \u001b[39m     'cache-control': 'no-cache, no-store',"}}
[info] >      'request-id': 'req_mmWkjWlgnVHPqy', {"user":"    'request-id': 'req_mmWkjWlgnVHPqy',","metadata":{"emulator":{"name":"functions"},"function":{"name":"api"},"message":"\u001b[90m> \u001b[39m     'request-id': 'req_mmWkjWlgnVHPqy',"}}
[info] >      'stripe-version': '2020-08-27', {"user":"    'stripe-version': '2020-08-27',","metadata":{"emulator":{"name":"functions"},"function":{"name":"api"},"message":"\u001b[90m> \u001b[39m     'stripe-version': '2020-08-27',"}}
[info] >      'x-stripe-c-cost': '0', {"user":"    'x-stripe-c-cost': '0',","metadata":{"emulator":{"name":"functions"},"function":{"name":"api"},"message":"\u001b[90m> \u001b[39m     'x-stripe-c-cost': '0',"}}
[info] >      'strict-transport-security': 'max-age=31556926; includeSubDomains; preload' {"user":"    'strict-transport-security': 'max-age=31556926; includeSubDomains; preload'","metadata":{"emulator":{"name":"functions"},"function":{"name":"api"},"message":"\u001b[90m> \u001b[39m     'strict-transport-security': 'max-age=31556926; includeSubDomains; preload'"}}
[info] >    }, {"user":"  },","metadata":{"emulator":{"name":"functions"},"function":{"name":"api"},"message":"\u001b[90m> \u001b[39m   },"}}
[info] >    requestId: 'req_mmWkjWlgnVHPqy', {"user":"  requestId: 'req_mmWkjWlgnVHPqy',","metadata":{"emulator":{"name":"functions"},"function":{"name":"api"},"message":"\u001b[90m> \u001b[39m   requestId: 'req_mmWkjWlgnVHPqy',"}}
[info] >    statusCode: 400, {"user":"  statusCode: 400,","metadata":{"emulator":{"name":"functions"},"function":{"name":"api"},"message":"\u001b[90m> \u001b[39m   statusCode: 400,"}}
[info] >    charge: undefined, {"user":"  charge: undefined,","metadata":{"emulator":{"name":"functions"},"function":{"name":"api"},"message":"\u001b[90m> \u001b[39m   charge: undefined,"}}
[info] >    decline_code: undefined, {"user":"  decline_code: undefined,","metadata":{"emulator":{"name":"functions"},"function":{"name":"api"},"message":"\u001b[90m> \u001b[39m   decline_code: undefined,"}}
[info] >    payment_intent: undefined, {"user":"  payment_intent: undefined,","metadata":{"emulator":{"name":"functions"},"function":{"name":"api"},"message":"\u001b[90m> \u001b[39m   payment_intent: undefined,"}}
[info] >    payment_method: undefined, {"user":"  payment_method: undefined,","metadata":{"emulator":{"name":"functions"},"function":{"name":"api"},"message":"\u001b[90m> \u001b[39m   payment_method: undefined,"}}
[info] >    payment_method_type: undefined, {"user":"  payment_method_type: undefined,","metadata":{"emulator":{"name":"functions"},"function":{"name":"api"},"message":"\u001b[90m> \u001b[39m   payment_method_type: undefined,"}}
[info] >    setup_intent: undefined, {"user":"  setup_intent: undefined,","metadata":{"emulator":{"name":"functions"},"function":{"name":"api"},"message":"\u001b[90m> \u001b[39m   setup_intent: undefined,"}}
[info] >    source: undefined {"user":"  source: undefined","metadata":{"emulator":{"name":"functions"},"function":{"name":"api"},"message":"\u001b[90m> \u001b[39m   source: undefined"}}
[info] >  } {"user":"}","metadata":{"emulator":{"name":"functions"},"function":{"name":"api"},"message":"\u001b[90m> \u001b[39m }"}}
[debug] [2021-09-11T13:20:39.752Z] [worker-api-d6e9fbd5-6c3f-467e-9f4c-581015732512]: exited {"metadata":{"emulator":{"name":"functions"},"message":"[worker-api-d6e9fbd5-6c3f-467e-9f4c-581015732512]: exited"}}
[debug] [2021-09-11T13:20:39.752Z] [worker-api-d6e9fbd5-6c3f-467e-9f4c-581015732512]: FINISHED {"metadata":{"emulator":{"name":"functions"},"message":"[worker-api-d6e9fbd5-6c3f-467e-9f4c-581015732512]: FINISHED"}}
[debug] [2021-09-11T13:20:39.752Z] [work-queue] {"queueLength":0,"workRunningCount":0}
[debug] [2021-09-11T13:22:24.471Z] [work-queue] {"queueLength":1,"workRunningCount":0}
[debug] [2021-09-11T13:22:24.471Z] [work-queue] {"queueLength":0,"workRunningCount":1}
[debug] [2021-09-11T13:22:24.471Z] Accepted request OPTIONS /fir-8b960/us-central1/api/payments/create?total=212998 --> api
[debug] [2021-09-11T13:22:24.471Z] [worker-pool] Cleaned up workers for api: 1 --> 0 {"metadata":{"emulator":{"name":"functions"},"message":"[worker-pool] Cleaned up workers for api: 1 --> 0"}}
[debug] [2021-09-11T13:22:24.476Z] [worker-pool] addWorker(api) {"metadata":{"emulator":{"name":"functions"},"message":"[worker-pool] addWorker(api)"}}
[debug] [2021-09-11T13:22:24.476Z] [worker-pool] Adding worker with key api, total=1 {"metadata":{"emulator":{"name":"functions"},"message":"[worker-pool] Adding worker with key api, total=1"}}
[debug] [2021-09-11T13:22:24.476Z] [worker-pool] submitWork(triggerId=api) {"metadata":{"emulator":{"name":"functions"},"message":"[worker-pool] submitWork(triggerId=api)"}}
[debug] [2021-09-11T13:22:24.477Z] [worker-api-93a68ca1-4492-4c71-b22a-85622061cfb8]: Assigning socketPath: /var/folders/z3/xfsx8l150xj8j6yv8_z1vdkc0000gn/T/fire_emu_98513.sock {"metadata":{"emulator":{"name":"functions"},"message":"[worker-api-93a68ca1-4492-4c71-b22a-85622061cfb8]: Assigning socketPath: /var/folders/z3/xfsx8l150xj8j6yv8_z1vdkc0000gn/T/fire_emu_98513.sock"}}
[debug] [2021-09-11T13:22:24.477Z] [worker-api-93a68ca1-4492-4c71-b22a-85622061cfb8]: BUSY {"metadata":{"emulator":{"name":"functions"},"message":"[worker-api-93a68ca1-4492-4c71-b22a-85622061cfb8]: BUSY"}}
[debug] [2021-09-11T13:22:24.699Z] [runtime-status] [98513] Functions runtime initialized. {"cwd":"/Users/gin/Desktop/amazon-react/functions","node_version":"16.4.2"} {"metadata":{"emulator":{"name":"functions"},"function":{"name":"api"},"message":"[runtime-status] [98513] Functions runtime initialized. {\"cwd\":\"/Users/gin/Desktop/amazon-react/functions\",\"node_version\":\"16.4.2\"}"}}
[debug] [2021-09-11T13:22:24.700Z] [runtime-status] [98513] Disabled runtime features: undefined {"metadata":{"emulator":{"name":"functions"},"function":{"name":"api"},"message":"[runtime-status] [98513] Disabled runtime features: undefined"}}
[debug] [2021-09-11T13:22:24.703Z] [runtime-status] [98513] Resolved module firebase-admin {"declared":true,"installed":true,"version":"9.11.1","resolution":"/Users/gin/Desktop/amazon-react/functions/node_modules/firebase-admin/lib/index.js"} {"metadata":{"emulator":{"name":"functions"},"function":{"name":"api"},"message":"[runtime-status] [98513] Resolved module firebase-admin {\"declared\":true,\"installed\":true,\"version\":\"9.11.1\",\"resolution\":\"/Users/gin/Desktop/amazon-react/functions/node_modules/firebase-admin/lib/index.js\"}"}}
[debug] [2021-09-11T13:22:24.706Z] [runtime-status] [98513] Resolved module firebase-functions {"declared":true,"installed":true,"version":"3.15.5","resolution":"/Users/gin/Desktop/amazon-react/functions/node_modules/firebase-functions/lib/index.js"} {"metadata":{"emulator":{"name":"functions"},"function":{"name":"api"},"message":"[runtime-status] [98513] Resolved module firebase-functions {\"declared\":true,\"installed\":true,\"version\":\"3.15.5\",\"resolution\":\"/Users/gin/Desktop/amazon-react/functions/node_modules/firebase-functions/lib/index.js\"}"}}
[debug] [2021-09-11T13:22:24.708Z] [runtime-status] [98513] Resolved module firebase-functions {"declared":true,"installed":true,"version":"3.15.5","resolution":"/Users/gin/Desktop/amazon-react/functions/node_modules/firebase-functions/lib/index.js"} {"metadata":{"emulator":{"name":"functions"},"function":{"name":"api"},"message":"[runtime-status] [98513] Resolved module firebase-functions {\"declared\":true,\"installed\":true,\"version\":\"3.15.5\",\"resolution\":\"/Users/gin/Desktop/amazon-react/functions/node_modules/firebase-functions/lib/index.js\"}"}}
[debug] [2021-09-11T13:22:24.710Z] [runtime-status] [98513] Outgoing network have been stubbed. [{"name":"http","status":"mocked"},{"name":"http","status":"mocked"},{"name":"https","status":"mocked"},{"name":"https","status":"mocked"},{"name":"net","status":"mocked"}] {"metadata":{"emulator":{"name":"functions"},"function":{"name":"api"},"message":"[runtime-status] [98513] Outgoing network have been stubbed. [{\"name\":\"http\",\"status\":\"mocked\"},{\"name\":\"http\",\"status\":\"mocked\"},{\"name\":\"https\",\"status\":\"mocked\"},{\"name\":\"https\",\"status\":\"mocked\"},{\"name\":\"net\",\"status\":\"mocked\"}]"}}
[debug] [2021-09-11T13:22:24.711Z] [runtime-status] [98513] Resolved module firebase-functions {"declared":true,"installed":true,"version":"3.15.5","resolution":"/Users/gin/Desktop/amazon-react/functions/node_modules/firebase-functions/lib/index.js"} {"metadata":{"emulator":{"name":"functions"},"function":{"name":"api"},"message":"[runtime-status] [98513] Resolved module firebase-functions {\"declared\":true,\"installed\":true,\"version\":\"3.15.5\",\"resolution\":\"/Users/gin/Desktop/amazon-react/functions/node_modules/firebase-functions/lib/index.js\"}"}}
[debug] [2021-09-11T13:22:24.757Z] [runtime-status] [98513] Checked functions.config() {"config":{}} {"metadata":{"emulator":{"name":"functions"},"function":{"name":"api"},"message":"[runtime-status] [98513] Checked functions.config() {\"config\":{}}"}}
[debug] [2021-09-11T13:22:24.757Z] [runtime-status] [98513] firebase-functions has been stubbed. {"functionsResolution":{"declared":true,"installed":true,"version":"3.15.5","resolution":"/Users/gin/Desktop/amazon-react/functions/node_modules/firebase-functions/lib/index.js"}} {"metadata":{"emulator":{"name":"functions"},"function":{"name":"api"},"message":"[runtime-status] [98513] firebase-functions has been stubbed. {\"functionsResolution\":{\"declared\":true,\"installed\":true,\"version\":\"3.15.5\",\"resolution\":\"/Users/gin/Desktop/amazon-react/functions/node_modules/firebase-functions/lib/index.js\"}}"}}
[debug] [2021-09-11T13:22:24.758Z] [runtime-status] [98513] Resolved module firebase-functions {"declared":true,"installed":true,"version":"3.15.5","resolution":"/Users/gin/Desktop/amazon-react/functions/node_modules/firebase-functions/lib/index.js"} {"metadata":{"emulator":{"name":"functions"},"function":{"name":"api"},"message":"[runtime-status] [98513] Resolved module firebase-functions {\"declared\":true,\"installed\":true,\"version\":\"3.15.5\",\"resolution\":\"/Users/gin/Desktop/amazon-react/functions/node_modules/firebase-functions/lib/index.js\"}"}}
[debug] [2021-09-11T13:22:24.759Z] [runtime-status] [98513] Resolved module firebase-admin {"declared":true,"installed":true,"version":"9.11.1","resolution":"/Users/gin/Desktop/amazon-react/functions/node_modules/firebase-admin/lib/index.js"} {"metadata":{"emulator":{"name":"functions"},"function":{"name":"api"},"message":"[runtime-status] [98513] Resolved module firebase-admin {\"declared\":true,\"installed\":true,\"version\":\"9.11.1\",\"resolution\":\"/Users/gin/Desktop/amazon-react/functions/node_modules/firebase-admin/lib/index.js\"}"}}
[debug] [2021-09-11T13:22:24.760Z] [runtime-status] [98513] Resolved module firebase-functions {"declared":true,"installed":true,"version":"3.15.5","resolution":"/Users/gin/Desktop/amazon-react/functions/node_modules/firebase-functions/lib/index.js"} {"metadata":{"emulator":{"name":"functions"},"function":{"name":"api"},"message":"[runtime-status] [98513] Resolved module firebase-functions {\"declared\":true,\"installed\":true,\"version\":\"3.15.5\",\"resolution\":\"/Users/gin/Desktop/amazon-react/functions/node_modules/firebase-functions/lib/index.js\"}"}}
[debug] [2021-09-11T13:22:24.760Z] [runtime-status] [98513] firebase-admin has been stubbed. {"adminResolution":{"declared":true,"installed":true,"version":"9.11.1","resolution":"/Users/gin/Desktop/amazon-react/functions/node_modules/firebase-admin/lib/index.js"}} {"metadata":{"emulator":{"name":"functions"},"function":{"name":"api"},"message":"[runtime-status] [98513] firebase-admin has been stubbed. {\"adminResolution\":{\"declared\":true,\"installed\":true,\"version\":\"9.11.1\",\"resolution\":\"/Users/gin/Desktop/amazon-react/functions/node_modules/firebase-admin/lib/index.js\"}}"}}
[debug] [2021-09-11T13:22:24.966Z] [runtime-status] [98513] Trigger "api" has been found, beginning invocation! {"metadata":{"emulator":{"name":"functions"},"function":{"name":"api"},"message":"[runtime-status] [98513] Trigger \"api\" has been found, beginning invocation!"}}
[info] i  functions: Beginning execution of "api" {"metadata":{"emulator":{"name":"functions"},"function":{"name":"api"},"message":"Beginning execution of \"api\""}}
[debug] [2021-09-11T13:22:24.967Z] [runtime-status] [98513] triggerDefinition {"httpsTrigger":{},"name":"api","entryPoint":"api"} {"metadata":{"emulator":{"name":"functions"},"function":{"name":"api"},"message":"[runtime-status] [98513] triggerDefinition {\"httpsTrigger\":{},\"name\":\"api\",\"entryPoint\":\"api\"}"}}
[debug] [2021-09-11T13:22:24.967Z] [runtime-status] [98513] Running api in mode HTTPS {"metadata":{"emulator":{"name":"functions"},"function":{"name":"api"},"message":"[runtime-status] [98513] Running api in mode HTTPS"}}
[debug] [2021-09-11T13:22:24.979Z] [runtime-status] [98513] Attempting to listen to socketPath: /var/folders/z3/xfsx8l150xj8j6yv8_z1vdkc0000gn/T/fire_emu_98513.sock {"metadata":{"emulator":{"name":"functions"},"function":{"name":"api"},"message":"[runtime-status] [98513] Attempting to listen to socketPath: /var/folders/z3/xfsx8l150xj8j6yv8_z1vdkc0000gn/T/fire_emu_98513.sock"}}
[debug] [2021-09-11T13:22:24.982Z] [functions] Runtime ready! Sending request! {"metadata":{"emulator":{"name":"functions"},"message":"[functions] Runtime ready! Sending request!"}}
[debug] [2021-09-11T13:22:24.982Z] [functions] Got req.url=/fir-8b960/us-central1/api/payments/create?total=212998, mapping to path=/payments/create?total=212998 {"metadata":{"emulator":{"name":"functions"},"message":"[functions] Got req.url=/fir-8b960/us-central1/api/payments/create?total=212998, mapping to path=/payments/create?total=212998"}}
[debug] [2021-09-11T13:22:24.989Z] [runtime-status] [98513] Ephemeral server handling OPTIONS request {"metadata":{"emulator":{"name":"functions"},"function":{"name":"api"},"message":"[runtime-status] [98513] Ephemeral server handling OPTIONS request"}}
[debug] [2021-09-11T13:22:24.994Z] [work-queue] {"queueLength":1,"workRunningCount":1}
[debug] [2021-09-11T13:22:24.995Z] [work-queue] {"queueLength":0,"workRunningCount":2}
[debug] [2021-09-11T13:22:24.995Z] Accepted request POST /fir-8b960/us-central1/api/payments/create?total=212998 --> api
[debug] [2021-09-11T13:22:24.998Z] [worker-pool] addWorker(api) {"metadata":{"emulator":{"name":"functions"},"message":"[worker-pool] addWorker(api)"}}
[debug] [2021-09-11T13:22:24.999Z] [worker-pool] Adding worker with key api, total=2 {"metadata":{"emulator":{"name":"functions"},"message":"[worker-pool] Adding worker with key api, total=2"}}
[debug] [2021-09-11T13:22:24.999Z] [worker-pool] submitWork(triggerId=api) {"metadata":{"emulator":{"name":"functions"},"message":"[worker-pool] submitWork(triggerId=api)"}}
[debug] [2021-09-11T13:22:24.999Z] [worker-api-11789f2b-fac8-44cb-b6c9-f4cf42fc8603]: Assigning socketPath: /var/folders/z3/xfsx8l150xj8j6yv8_z1vdkc0000gn/T/fire_emu_98514.sock {"metadata":{"emulator":{"name":"functions"},"message":"[worker-api-11789f2b-fac8-44cb-b6c9-f4cf42fc8603]: Assigning socketPath: /var/folders/z3/xfsx8l150xj8j6yv8_z1vdkc0000gn/T/fire_emu_98514.sock"}}
[debug] [2021-09-11T13:22:24.999Z] [worker-api-11789f2b-fac8-44cb-b6c9-f4cf42fc8603]: BUSY {"metadata":{"emulator":{"name":"functions"},"message":"[worker-api-11789f2b-fac8-44cb-b6c9-f4cf42fc8603]: BUSY"}}
[debug] [2021-09-11T13:22:25.000Z] [runtime-status] [98513] Ephemeral server survived. {"metadata":{"emulator":{"name":"functions"},"function":{"name":"api"},"message":"[runtime-status] [98513] Ephemeral server survived."}}
[info] i  functions: Finished "api" in ~1s {"metadata":{"emulator":{"name":"functions"},"function":{"name":"api"},"message":"Finished \"api\" in ~1s"}}
[debug] [2021-09-11T13:22:25.000Z] [worker-api-93a68ca1-4492-4c71-b22a-85622061cfb8]: IDLE {"metadata":{"emulator":{"name":"functions"},"message":"[worker-api-93a68ca1-4492-4c71-b22a-85622061cfb8]: IDLE"}}
[debug] [2021-09-11T13:22:25.000Z] [work-queue] {"queueLength":0,"workRunningCount":1}
[debug] [2021-09-11T13:22:25.137Z] [runtime-status] [98514] Functions runtime initialized. {"cwd":"/Users/gin/Desktop/amazon-react/functions","node_version":"16.4.2"} {"metadata":{"emulator":{"name":"functions"},"function":{"name":"api"},"message":"[runtime-status] [98514] Functions runtime initialized. {\"cwd\":\"/Users/gin/Desktop/amazon-react/functions\",\"node_version\":\"16.4.2\"}"}}
[debug] [2021-09-11T13:22:25.139Z] [runtime-status] [98514] Disabled runtime features: undefined {"metadata":{"emulator":{"name":"functions"},"function":{"name":"api"},"message":"[runtime-status] [98514] Disabled runtime features: undefined"}}
[debug] [2021-09-11T13:22:25.141Z] [runtime-status] [98514] Resolved module firebase-admin {"declared":true,"installed":true,"version":"9.11.1","resolution":"/Users/gin/Desktop/amazon-react/functions/node_modules/firebase-admin/lib/index.js"} {"metadata":{"emulator":{"name":"functions"},"function":{"name":"api"},"message":"[runtime-status] [98514] Resolved module firebase-admin {\"declared\":true,\"installed\":true,\"version\":\"9.11.1\",\"resolution\":\"/Users/gin/Desktop/amazon-react/functions/node_modules/firebase-admin/lib/index.js\"}"}}
[debug] [2021-09-11T13:22:25.144Z] [runtime-status] [98514] Resolved module firebase-functions {"declared":true,"installed":true,"version":"3.15.5","resolution":"/Users/gin/Desktop/amazon-react/functions/node_modules/firebase-functions/lib/index.js"} {"metadata":{"emulator":{"name":"functions"},"function":{"name":"api"},"message":"[runtime-status] [98514] Resolved module firebase-functions {\"declared\":true,\"installed\":true,\"version\":\"3.15.5\",\"resolution\":\"/Users/gin/Desktop/amazon-react/functions/node_modules/firebase-functions/lib/index.js\"}"}}
[debug] [2021-09-11T13:22:25.146Z] [runtime-status] [98514] Resolved module firebase-functions {"declared":true,"installed":true,"version":"3.15.5","resolution":"/Users/gin/Desktop/amazon-react/functions/node_modules/firebase-functions/lib/index.js"} {"metadata":{"emulator":{"name":"functions"},"function":{"name":"api"},"message":"[runtime-status] [98514] Resolved module firebase-functions {\"declared\":true,\"installed\":true,\"version\":\"3.15.5\",\"resolution\":\"/Users/gin/Desktop/amazon-react/functions/node_modules/firebase-functions/lib/index.js\"}"}}
[debug] [2021-09-11T13:22:25.148Z] [runtime-status] [98514] Outgoing network have been stubbed. [{"name":"http","status":"mocked"},{"name":"http","status":"mocked"},{"name":"https","status":"mocked"},{"name":"https","status":"mocked"},{"name":"net","status":"mocked"}] {"metadata":{"emulator":{"name":"functions"},"function":{"name":"api"},"message":"[runtime-status] [98514] Outgoing network have been stubbed. [{\"name\":\"http\",\"status\":\"mocked\"},{\"name\":\"http\",\"status\":\"mocked\"},{\"name\":\"https\",\"status\":\"mocked\"},{\"name\":\"https\",\"status\":\"mocked\"},{\"name\":\"net\",\"status\":\"mocked\"}]"}}
[debug] [2021-09-11T13:22:25.148Z] [runtime-status] [98514] Resolved module firebase-functions {"declared":true,"installed":true,"version":"3.15.5","resolution":"/Users/gin/Desktop/amazon-react/functions/node_modules/firebase-functions/lib/index.js"} {"metadata":{"emulator":{"name":"functions"},"function":{"name":"api"},"message":"[runtime-status] [98514] Resolved module firebase-functions {\"declared\":true,\"installed\":true,\"version\":\"3.15.5\",\"resolution\":\"/Users/gin/Desktop/amazon-react/functions/node_modules/firebase-functions/lib/index.js\"}"}}
[debug] [2021-09-11T13:22:25.184Z] [runtime-status] [98514] Checked functions.config() {"config":{}} {"metadata":{"emulator":{"name":"functions"},"function":{"name":"api"},"message":"[runtime-status] [98514] Checked functions.config() {\"config\":{}}"}}
[debug] [2021-09-11T13:22:25.185Z] [runtime-status] [98514] firebase-functions has been stubbed. {"functionsResolution":{"declared":true,"installed":true,"version":"3.15.5","resolution":"/Users/gin/Desktop/amazon-react/functions/node_modules/firebase-functions/lib/index.js"}} {"metadata":{"emulator":{"name":"functions"},"function":{"name":"api"},"message":"[runtime-status] [98514] firebase-functions has been stubbed. {\"functionsResolution\":{\"declared\":true,\"installed\":true,\"version\":\"3.15.5\",\"resolution\":\"/Users/gin/Desktop/amazon-react/functions/node_modules/firebase-functions/lib/index.js\"}}"}}
[debug] [2021-09-11T13:22:25.185Z] [runtime-status] [98514] Resolved module firebase-functions {"declared":true,"installed":true,"version":"3.15.5","resolution":"/Users/gin/Desktop/amazon-react/functions/node_modules/firebase-functions/lib/index.js"} {"metadata":{"emulator":{"name":"functions"},"function":{"name":"api"},"message":"[runtime-status] [98514] Resolved module firebase-functions {\"declared\":true,\"installed\":true,\"version\":\"3.15.5\",\"resolution\":\"/Users/gin/Desktop/amazon-react/functions/node_modules/firebase-functions/lib/index.js\"}"}}
[debug] [2021-09-11T13:22:25.186Z] [runtime-status] [98514] Resolved module firebase-admin {"declared":true,"installed":true,"version":"9.11.1","resolution":"/Users/gin/Desktop/amazon-react/functions/node_modules/firebase-admin/lib/index.js"} {"metadata":{"emulator":{"name":"functions"},"function":{"name":"api"},"message":"[runtime-status] [98514] Resolved module firebase-admin {\"declared\":true,\"installed\":true,\"version\":\"9.11.1\",\"resolution\":\"/Users/gin/Desktop/amazon-react/functions/node_modules/firebase-admin/lib/index.js\"}"}}
[debug] [2021-09-11T13:22:25.187Z] [runtime-status] [98514] Resolved module firebase-functions {"declared":true,"installed":true,"version":"3.15.5","resolution":"/Users/gin/Desktop/amazon-react/functions/node_modules/firebase-functions/lib/index.js"} {"metadata":{"emulator":{"name":"functions"},"function":{"name":"api"},"message":"[runtime-status] [98514] Resolved module firebase-functions {\"declared\":true,\"installed\":true,\"version\":\"3.15.5\",\"resolution\":\"/Users/gin/Desktop/amazon-react/functions/node_modules/firebase-functions/lib/index.js\"}"}}
[debug] [2021-09-11T13:22:25.187Z] [runtime-status] [98514] firebase-admin has been stubbed. {"adminResolution":{"declared":true,"installed":true,"version":"9.11.1","resolution":"/Users/gin/Desktop/amazon-react/functions/node_modules/firebase-admin/lib/index.js"}} {"metadata":{"emulator":{"name":"functions"},"function":{"name":"api"},"message":"[runtime-status] [98514] firebase-admin has been stubbed. {\"adminResolution\":{\"declared\":true,\"installed\":true,\"version\":\"9.11.1\",\"resolution\":\"/Users/gin/Desktop/amazon-react/functions/node_modules/firebase-admin/lib/index.js\"}}"}}
[debug] [2021-09-11T13:22:25.284Z] [runtime-status] [98514] Trigger "api" has been found, beginning invocation! {"metadata":{"emulator":{"name":"functions"},"function":{"name":"api"},"message":"[runtime-status] [98514] Trigger \"api\" has been found, beginning invocation!"}}
[info] i  functions: Beginning execution of "api" {"metadata":{"emulator":{"name":"functions"},"function":{"name":"api"},"message":"Beginning execution of \"api\""}}
[debug] [2021-09-11T13:22:25.285Z] [runtime-status] [98514] triggerDefinition {"httpsTrigger":{},"name":"api","entryPoint":"api"} {"metadata":{"emulator":{"name":"functions"},"function":{"name":"api"},"message":"[runtime-status] [98514] triggerDefinition {\"httpsTrigger\":{},\"name\":\"api\",\"entryPoint\":\"api\"}"}}
[debug] [2021-09-11T13:22:25.285Z] [runtime-status] [98514] Running api in mode HTTPS {"metadata":{"emulator":{"name":"functions"},"function":{"name":"api"},"message":"[runtime-status] [98514] Running api in mode HTTPS"}}
[debug] [2021-09-11T13:22:25.290Z] [runtime-status] [98514] Attempting to listen to socketPath: /var/folders/z3/xfsx8l150xj8j6yv8_z1vdkc0000gn/T/fire_emu_98514.sock {"metadata":{"emulator":{"name":"functions"},"function":{"name":"api"},"message":"[runtime-status] [98514] Attempting to listen to socketPath: /var/folders/z3/xfsx8l150xj8j6yv8_z1vdkc0000gn/T/fire_emu_98514.sock"}}
[debug] [2021-09-11T13:22:25.291Z] [functions] Runtime ready! Sending request! {"metadata":{"emulator":{"name":"functions"},"message":"[functions] Runtime ready! Sending request!"}}
[debug] [2021-09-11T13:22:25.292Z] [functions] Got req.url=/fir-8b960/us-central1/api/payments/create?total=212998, mapping to path=/payments/create?total=212998 {"metadata":{"emulator":{"name":"functions"},"message":"[functions] Got req.url=/fir-8b960/us-central1/api/payments/create?total=212998, mapping to path=/payments/create?total=212998"}}
[debug] [2021-09-11T13:22:25.297Z] [runtime-status] [98514] Ephemeral server handling POST request {"metadata":{"emulator":{"name":"functions"},"function":{"name":"api"},"message":"[runtime-status] [98514] Ephemeral server handling POST request"}}
[info] >  Payment Request Resieved !!! 212998 {"user":"Payment Request Resieved !!! 212998","metadata":{"emulator":{"name":"functions"},"function":{"name":"api"},"message":"\u001b[90m> \u001b[39m Payment Request Resieved !!! 212998"}}
[debug] [2021-09-11T13:22:25.311Z] [runtime-status] [98514] Ephemeral server survived. {"metadata":{"emulator":{"name":"functions"},"function":{"name":"api"},"message":"[runtime-status] [98514] Ephemeral server survived."}}
[info] i  functions: Finished "api" in ~1s {"metadata":{"emulator":{"name":"functions"},"function":{"name":"api"},"message":"Finished \"api\" in ~1s"}}
[debug] [2021-09-11T13:22:25.972Z] [worker-api-11789f2b-fac8-44cb-b6c9-f4cf42fc8603]: IDLE {"metadata":{"emulator":{"name":"functions"},"message":"[worker-api-11789f2b-fac8-44cb-b6c9-f4cf42fc8603]: IDLE"}}
[debug] [2021-09-11T13:22:25.973Z] [work-queue] {"queueLength":0,"workRunningCount":0}
[debug] [2021-09-11T13:22:47.655Z] [work-queue] {"queueLength":1,"workRunningCount":0}
[debug] [2021-09-11T13:22:47.656Z] [work-queue] {"queueLength":0,"workRunningCount":1}
[debug] [2021-09-11T13:22:47.656Z] Accepted request OPTIONS /fir-8b960/us-central1/api/payments/create?total=0 --> api
[debug] [2021-09-11T13:22:47.656Z] [worker-pool] submitWork(triggerId=api) {"metadata":{"emulator":{"name":"functions"},"message":"[worker-pool] submitWork(triggerId=api)"}}
[debug] [2021-09-11T13:22:47.656Z] [worker-api-93a68ca1-4492-4c71-b22a-85622061cfb8]: Assigning socketPath: /var/folders/z3/xfsx8l150xj8j6yv8_z1vdkc0000gn/T/fire_emu_98513.sock {"metadata":{"emulator":{"name":"functions"},"message":"[worker-api-93a68ca1-4492-4c71-b22a-85622061cfb8]: Assigning socketPath: /var/folders/z3/xfsx8l150xj8j6yv8_z1vdkc0000gn/T/fire_emu_98513.sock"}}
[debug] [2021-09-11T13:22:47.656Z] [worker-api-93a68ca1-4492-4c71-b22a-85622061cfb8]: BUSY {"metadata":{"emulator":{"name":"functions"},"message":"[worker-api-93a68ca1-4492-4c71-b22a-85622061cfb8]: BUSY"}}
[debug] [2021-09-11T13:22:47.657Z] [runtime-status] [98513] Trigger "api" has been found, beginning invocation! {"metadata":{"emulator":{"name":"functions"},"function":{"name":"api"},"message":"[runtime-status] [98513] Trigger \"api\" has been found, beginning invocation!"}}
[info] i  functions: Beginning execution of "api" {"metadata":{"emulator":{"name":"functions"},"function":{"name":"api"},"message":"Beginning execution of \"api\""}}
[debug] [2021-09-11T13:22:47.658Z] [runtime-status] [98513] triggerDefinition {"httpsTrigger":{},"name":"api","entryPoint":"api"} {"metadata":{"emulator":{"name":"functions"},"function":{"name":"api"},"message":"[runtime-status] [98513] triggerDefinition {\"httpsTrigger\":{},\"name\":\"api\",\"entryPoint\":\"api\"}"}}
[debug] [2021-09-11T13:22:47.658Z] [runtime-status] [98513] Running api in mode HTTPS {"metadata":{"emulator":{"name":"functions"},"function":{"name":"api"},"message":"[runtime-status] [98513] Running api in mode HTTPS"}}
[debug] [2021-09-11T13:22:47.659Z] [runtime-status] [98513] Attempting to listen to socketPath: /var/folders/z3/xfsx8l150xj8j6yv8_z1vdkc0000gn/T/fire_emu_98513.sock {"metadata":{"emulator":{"name":"functions"},"function":{"name":"api"},"message":"[runtime-status] [98513] Attempting to listen to socketPath: /var/folders/z3/xfsx8l150xj8j6yv8_z1vdkc0000gn/T/fire_emu_98513.sock"}}
[debug] [2021-09-11T13:22:47.659Z] [functions] Runtime ready! Sending request! {"metadata":{"emulator":{"name":"functions"},"message":"[functions] Runtime ready! Sending request!"}}
[debug] [2021-09-11T13:22:47.659Z] [functions] Got req.url=/fir-8b960/us-central1/api/payments/create?total=0, mapping to path=/payments/create?total=0 {"metadata":{"emulator":{"name":"functions"},"message":"[functions] Got req.url=/fir-8b960/us-central1/api/payments/create?total=0, mapping to path=/payments/create?total=0"}}
[debug] [2021-09-11T13:22:47.662Z] [runtime-status] [98513] Ephemeral server handling OPTIONS request {"metadata":{"emulator":{"name":"functions"},"function":{"name":"api"},"message":"[runtime-status] [98513] Ephemeral server handling OPTIONS request"}}
[debug] [2021-09-11T13:22:47.662Z] [runtime-status] [98513] Ephemeral server survived. {"metadata":{"emulator":{"name":"functions"},"function":{"name":"api"},"message":"[runtime-status] [98513] Ephemeral server survived."}}
[debug] [2021-09-11T13:22:47.666Z] [work-queue] {"queueLength":1,"workRunningCount":1}
[debug] [2021-09-11T13:22:47.666Z] [work-queue] {"queueLength":0,"workRunningCount":2}
[debug] [2021-09-11T13:22:47.666Z] Accepted request POST /fir-8b960/us-central1/api/payments/create?total=0 --> api
[debug] [2021-09-11T13:22:47.666Z] [worker-pool] submitWork(triggerId=api) {"metadata":{"emulator":{"name":"functions"},"message":"[worker-pool] submitWork(triggerId=api)"}}
[debug] [2021-09-11T13:22:47.667Z] [worker-api-11789f2b-fac8-44cb-b6c9-f4cf42fc8603]: Assigning socketPath: /var/folders/z3/xfsx8l150xj8j6yv8_z1vdkc0000gn/T/fire_emu_98514.sock {"metadata":{"emulator":{"name":"functions"},"message":"[worker-api-11789f2b-fac8-44cb-b6c9-f4cf42fc8603]: Assigning socketPath: /var/folders/z3/xfsx8l150xj8j6yv8_z1vdkc0000gn/T/fire_emu_98514.sock"}}
[debug] [2021-09-11T13:22:47.667Z] [worker-api-11789f2b-fac8-44cb-b6c9-f4cf42fc8603]: BUSY {"metadata":{"emulator":{"name":"functions"},"message":"[worker-api-11789f2b-fac8-44cb-b6c9-f4cf42fc8603]: BUSY"}}
[info] i  functions: Finished "api" in ~1s {"metadata":{"emulator":{"name":"functions"},"function":{"name":"api"},"message":"Finished \"api\" in ~1s"}}
[debug] [2021-09-11T13:22:47.671Z] [worker-api-93a68ca1-4492-4c71-b22a-85622061cfb8]: IDLE {"metadata":{"emulator":{"name":"functions"},"message":"[worker-api-93a68ca1-4492-4c71-b22a-85622061cfb8]: IDLE"}}
[debug] [2021-09-11T13:22:47.671Z] [work-queue] {"queueLength":0,"workRunningCount":1}
[debug] [2021-09-11T13:22:47.671Z] [runtime-status] [98514] Trigger "api" has been found, beginning invocation! {"metadata":{"emulator":{"name":"functions"},"function":{"name":"api"},"message":"[runtime-status] [98514] Trigger \"api\" has been found, beginning invocation!"}}
[info] i  functions: Beginning execution of "api" {"metadata":{"emulator":{"name":"functions"},"function":{"name":"api"},"message":"Beginning execution of \"api\""}}
[debug] [2021-09-11T13:22:47.672Z] [runtime-status] [98514] triggerDefinition {"httpsTrigger":{},"name":"api","entryPoint":"api"} {"metadata":{"emulator":{"name":"functions"},"function":{"name":"api"},"message":"[runtime-status] [98514] triggerDefinition {\"httpsTrigger\":{},\"name\":\"api\",\"entryPoint\":\"api\"}"}}
[debug] [2021-09-11T13:22:47.672Z] [runtime-status] [98514] Running api in mode HTTPS {"metadata":{"emulator":{"name":"functions"},"function":{"name":"api"},"message":"[runtime-status] [98514] Running api in mode HTTPS"}}
[debug] [2021-09-11T13:22:47.672Z] [runtime-status] [98514] Attempting to listen to socketPath: /var/folders/z3/xfsx8l150xj8j6yv8_z1vdkc0000gn/T/fire_emu_98514.sock {"metadata":{"emulator":{"name":"functions"},"function":{"name":"api"},"message":"[runtime-status] [98514] Attempting to listen to socketPath: /var/folders/z3/xfsx8l150xj8j6yv8_z1vdkc0000gn/T/fire_emu_98514.sock"}}
[debug] [2021-09-11T13:22:47.673Z] [functions] Runtime ready! Sending request! {"metadata":{"emulator":{"name":"functions"},"message":"[functions] Runtime ready! Sending request!"}}
[debug] [2021-09-11T13:22:47.674Z] [functions] Got req.url=/fir-8b960/us-central1/api/payments/create?total=0, mapping to path=/payments/create?total=0 {"metadata":{"emulator":{"name":"functions"},"message":"[functions] Got req.url=/fir-8b960/us-central1/api/payments/create?total=0, mapping to path=/payments/create?total=0"}}
[debug] [2021-09-11T13:22:47.677Z] [runtime-status] [98514] Ephemeral server handling POST request {"metadata":{"emulator":{"name":"functions"},"function":{"name":"api"},"message":"[runtime-status] [98514] Ephemeral server handling POST request"}}
[debug] [2021-09-11T13:22:47.677Z] [runtime-status] [98514] Ephemeral server survived. {"metadata":{"emulator":{"name":"functions"},"function":{"name":"api"},"message":"[runtime-status] [98514] Ephemeral server survived."}}
[info] >  Payment Request Resieved !!! 0 {"user":"Payment Request Resieved !!! 0","metadata":{"emulator":{"name":"functions"},"function":{"name":"api"},"message":"\u001b[90m> \u001b[39m Payment Request Resieved !!! 0"}}
[info] >  /Users/gin/Desktop/amazon-react/functions/node_modules/stripe/lib/Error.js:40 {"user":"/Users/gin/Desktop/amazon-react/functions/node_modules/stripe/lib/Error.js:40","metadata":{"emulator":{"name":"functions"},"function":{"name":"api"},"message":"\u001b[90m> \u001b[39m /Users/gin/Desktop/amazon-react/functions/node_modules/stripe/lib/Error.js:40"}}
[info] >          return new StripeInvalidRequestError(rawStripeError); {"user":"        return new StripeInvalidRequestError(rawStripeError);","metadata":{"emulator":{"name":"functions"},"function":{"name":"api"},"message":"\u001b[90m> \u001b[39m         return new StripeInvalidRequestError(rawStripeError);"}}
[info] >                 ^ {"user":"               ^","metadata":{"emulator":{"name":"functions"},"function":{"name":"api"},"message":"\u001b[90m> \u001b[39m                ^"}}
[info] >   {"user":"","metadata":{"emulator":{"name":"functions"},"function":{"name":"api"},"message":"\u001b[90m> \u001b[39m "}}
[info] >  StripeInvalidRequestError: This value must be greater than or equal to 1. {"user":"StripeInvalidRequestError: This value must be greater than or equal to 1.","metadata":{"emulator":{"name":"functions"},"function":{"name":"api"},"message":"\u001b[90m> \u001b[39m StripeInvalidRequestError: This value must be greater than or equal to 1."}}
[info] >      at Function.generate (/Users/gin/Desktop/amazon-react/functions/node_modules/stripe/lib/Error.js:40:16) {"user":"    at Function.generate (/Users/gin/Desktop/amazon-react/functions/node_modules/stripe/lib/Error.js:40:16)","metadata":{"emulator":{"name":"functions"},"function":{"name":"api"},"message":"\u001b[90m> \u001b[39m     at Function.generate (/Users/gin/Desktop/amazon-react/functions/node_modules/stripe/lib/Error.js:40:16)"}}
[info] >      at res.toJSON.then.StripeAPIError.message (/Users/gin/Desktop/amazon-react/functions/node_modules/stripe/lib/StripeResource.js:220:35) {"user":"    at res.toJSON.then.StripeAPIError.message (/Users/gin/Desktop/amazon-react/functions/node_modules/stripe/lib/StripeResource.js:220:35)","metadata":{"emulator":{"name":"functions"},"function":{"name":"api"},"message":"\u001b[90m> \u001b[39m     at res.toJSON.then.StripeAPIError.message (/Users/gin/Desktop/amazon-react/functions/node_modules/stripe/lib/StripeResource.js:220:35)"}}
[info] >      at processTicksAndRejections (node:internal/process/task_queues:96:5) { {"user":"    at processTicksAndRejections (node:internal/process/task_queues:96:5) {","metadata":{"emulator":{"name":"functions"},"function":{"name":"api"},"message":"\u001b[90m> \u001b[39m     at processTicksAndRejections (node:internal/process/task_queues:96:5) {"}}
[info] >    type: 'StripeInvalidRequestError', {"user":"  type: 'StripeInvalidRequestError',","metadata":{"emulator":{"name":"functions"},"function":{"name":"api"},"message":"\u001b[90m> \u001b[39m   type: 'StripeInvalidRequestError',"}}
[info] >    raw: { {"user":"  raw: {","metadata":{"emulator":{"name":"functions"},"function":{"name":"api"},"message":"\u001b[90m> \u001b[39m   raw: {"}}
[info] >      code: 'parameter_invalid_integer', {"user":"    code: 'parameter_invalid_integer',","metadata":{"emulator":{"name":"functions"},"function":{"name":"api"},"message":"\u001b[90m> \u001b[39m     code: 'parameter_invalid_integer',"}}
[info] >      doc_url: 'https://stripe.com/docs/error-codes/parameter-invalid-integer', {"user":"    doc_url: 'https://stripe.com/docs/error-codes/parameter-invalid-integer',","metadata":{"emulator":{"name":"functions"},"function":{"name":"api"},"message":"\u001b[90m> \u001b[39m     doc_url: 'https://stripe.com/docs/error-codes/parameter-invalid-integer',"}}
[info] >      message: 'This value must be greater than or equal to 1.', {"user":"    message: 'This value must be greater than or equal to 1.',","metadata":{"emulator":{"name":"functions"},"function":{"name":"api"},"message":"\u001b[90m> \u001b[39m     message: 'This value must be greater than or equal to 1.',"}}
[info] >      param: 'amount', {"user":"    param: 'amount',","metadata":{"emulator":{"name":"functions"},"function":{"name":"api"},"message":"\u001b[90m> \u001b[39m     param: 'amount',"}}
[info] >      type: 'invalid_request_error', {"user":"    type: 'invalid_request_error',","metadata":{"emulator":{"name":"functions"},"function":{"name":"api"},"message":"\u001b[90m> \u001b[39m     type: 'invalid_request_error',"}}
[info] >      headers: { {"user":"    headers: {","metadata":{"emulator":{"name":"functions"},"function":{"name":"api"},"message":"\u001b[90m> \u001b[39m     headers: {"}}
[info] >        server: 'nginx', {"user":"      server: 'nginx',","metadata":{"emulator":{"name":"functions"},"function":{"name":"api"},"message":"\u001b[90m> \u001b[39m       server: 'nginx',"}}
[info] >        date: 'Sat, 11 Sep 2021 13:22:47 GMT', {"user":"      date: 'Sat, 11 Sep 2021 13:22:47 GMT',","metadata":{"emulator":{"name":"functions"},"function":{"name":"api"},"message":"\u001b[90m> \u001b[39m       date: 'Sat, 11 Sep 2021 13:22:47 GMT',"}}
[info] >        'content-type': 'application/json', {"user":"      'content-type': 'application/json',","metadata":{"emulator":{"name":"functions"},"function":{"name":"api"},"message":"\u001b[90m> \u001b[39m       'content-type': 'application/json',"}}
[info] >        'content-length': '266', {"user":"      'content-length': '266',","metadata":{"emulator":{"name":"functions"},"function":{"name":"api"},"message":"\u001b[90m> \u001b[39m       'content-length': '266',"}}
[info] >        connection: 'keep-alive', {"user":"      connection: 'keep-alive',","metadata":{"emulator":{"name":"functions"},"function":{"name":"api"},"message":"\u001b[90m> \u001b[39m       connection: 'keep-alive',"}}
[info] >        'access-control-allow-credentials': 'true', {"user":"      'access-control-allow-credentials': 'true',","metadata":{"emulator":{"name":"functions"},"function":{"name":"api"},"message":"\u001b[90m> \u001b[39m       'access-control-allow-credentials': 'true',"}}
[info] >        'access-control-allow-methods': 'GET, POST, HEAD, OPTIONS, DELETE', {"user":"      'access-control-allow-methods': 'GET, POST, HEAD, OPTIONS, DELETE',","metadata":{"emulator":{"name":"functions"},"function":{"name":"api"},"message":"\u001b[90m> \u001b[39m       'access-control-allow-methods': 'GET, POST, HEAD, OPTIONS, DELETE',"}}
[info] >        'access-control-allow-origin': '*', {"user":"      'access-control-allow-origin': '*',","metadata":{"emulator":{"name":"functions"},"function":{"name":"api"},"message":"\u001b[90m> \u001b[39m       'access-control-allow-origin': '*',"}}
[info] >        'access-control-expose-headers': 'Request-Id, Stripe-Manage-Version, X-Stripe-External-Auth-Required, X-Stripe-Privileged-Session-Required', {"user":"      'access-control-expose-headers': 'Request-Id, Stripe-Manage-Version, X-Stripe-External-Auth-Required, X-Stripe-Privileged-Session-Required',","metadata":{"emulator":{"name":"functions"},"function":{"name":"api"},"message":"\u001b[90m> \u001b[39m       'access-control-expose-headers': 'Request-Id, Stripe-Manage-Version, X-Stripe-External-Auth-Required, X-Stripe-Privileged-Session-Required',"}}
[info] >        'access-control-max-age': '300', {"user":"      'access-control-max-age': '300',","metadata":{"emulator":{"name":"functions"},"function":{"name":"api"},"message":"\u001b[90m> \u001b[39m       'access-control-max-age': '300',"}}
[info] >        'cache-control': 'no-cache, no-store', {"user":"      'cache-control': 'no-cache, no-store',","metadata":{"emulator":{"name":"functions"},"function":{"name":"api"},"message":"\u001b[90m> \u001b[39m       'cache-control': 'no-cache, no-store',"}}
[info] >        'request-id': 'req_5qtcGeYDH0ZCdV', {"user":"      'request-id': 'req_5qtcGeYDH0ZCdV',","metadata":{"emulator":{"name":"functions"},"function":{"name":"api"},"message":"\u001b[90m> \u001b[39m       'request-id': 'req_5qtcGeYDH0ZCdV',"}}
[info] >        'stripe-version': '2020-08-27', {"user":"      'stripe-version': '2020-08-27',","metadata":{"emulator":{"name":"functions"},"function":{"name":"api"},"message":"\u001b[90m> \u001b[39m       'stripe-version': '2020-08-27',"}}
[info] >        'x-stripe-c-cost': '0', {"user":"      'x-stripe-c-cost': '0',","metadata":{"emulator":{"name":"functions"},"function":{"name":"api"},"message":"\u001b[90m> \u001b[39m       'x-stripe-c-cost': '0',"}}
[info] >        'strict-transport-security': 'max-age=31556926; includeSubDomains; preload' {"user":"      'strict-transport-security': 'max-age=31556926; includeSubDomains; preload'","metadata":{"emulator":{"name":"functions"},"function":{"name":"api"},"message":"\u001b[90m> \u001b[39m       'strict-transport-security': 'max-age=31556926; includeSubDomains; preload'"}}
[info] >      }, {"user":"    },","metadata":{"emulator":{"name":"functions"},"function":{"name":"api"},"message":"\u001b[90m> \u001b[39m     },"}}
[info] >      statusCode: 400, {"user":"    statusCode: 400,","metadata":{"emulator":{"name":"functions"},"function":{"name":"api"},"message":"\u001b[90m> \u001b[39m     statusCode: 400,"}}
[info] >      requestId: 'req_5qtcGeYDH0ZCdV' {"user":"    requestId: 'req_5qtcGeYDH0ZCdV'","metadata":{"emulator":{"name":"functions"},"function":{"name":"api"},"message":"\u001b[90m> \u001b[39m     requestId: 'req_5qtcGeYDH0ZCdV'"}}
[info] >    }, {"user":"  },","metadata":{"emulator":{"name":"functions"},"function":{"name":"api"},"message":"\u001b[90m> \u001b[39m   },"}}
[info] >    rawType: 'invalid_request_error', {"user":"  rawType: 'invalid_request_error',","metadata":{"emulator":{"name":"functions"},"function":{"name":"api"},"message":"\u001b[90m> \u001b[39m   rawType: 'invalid_request_error',"}}
[info] >    code: 'parameter_invalid_integer', {"user":"  code: 'parameter_invalid_integer',","metadata":{"emulator":{"name":"functions"},"function":{"name":"api"},"message":"\u001b[90m> \u001b[39m   code: 'parameter_invalid_integer',"}}
[info] >    doc_url: 'https://stripe.com/docs/error-codes/parameter-invalid-integer', {"user":"  doc_url: 'https://stripe.com/docs/error-codes/parameter-invalid-integer',","metadata":{"emulator":{"name":"functions"},"function":{"name":"api"},"message":"\u001b[90m> \u001b[39m   doc_url: 'https://stripe.com/docs/error-codes/parameter-invalid-integer',"}}
[info] >    param: 'amount', {"user":"  param: 'amount',","metadata":{"emulator":{"name":"functions"},"function":{"name":"api"},"message":"\u001b[90m> \u001b[39m   param: 'amount',"}}
[info] >    detail: undefined, {"user":"  detail: undefined,","metadata":{"emulator":{"name":"functions"},"function":{"name":"api"},"message":"\u001b[90m> \u001b[39m   detail: undefined,"}}
[info] >    headers: { {"user":"  headers: {","metadata":{"emulator":{"name":"functions"},"function":{"name":"api"},"message":"\u001b[90m> \u001b[39m   headers: {"}}
[info] >      server: 'nginx', {"user":"    server: 'nginx',","metadata":{"emulator":{"name":"functions"},"function":{"name":"api"},"message":"\u001b[90m> \u001b[39m     server: 'nginx',"}}
[info] >      date: 'Sat, 11 Sep 2021 13:22:47 GMT', {"user":"    date: 'Sat, 11 Sep 2021 13:22:47 GMT',","metadata":{"emulator":{"name":"functions"},"function":{"name":"api"},"message":"\u001b[90m> \u001b[39m     date: 'Sat, 11 Sep 2021 13:22:47 GMT',"}}
[info] >      'content-type': 'application/json', {"user":"    'content-type': 'application/json',","metadata":{"emulator":{"name":"functions"},"function":{"name":"api"},"message":"\u001b[90m> \u001b[39m     'content-type': 'application/json',"}}
[info] >      'content-length': '266', {"user":"    'content-length': '266',","metadata":{"emulator":{"name":"functions"},"function":{"name":"api"},"message":"\u001b[90m> \u001b[39m     'content-length': '266',"}}
[info] >      connection: 'keep-alive', {"user":"    connection: 'keep-alive',","metadata":{"emulator":{"name":"functions"},"function":{"name":"api"},"message":"\u001b[90m> \u001b[39m     connection: 'keep-alive',"}}
[info] >      'access-control-allow-credentials': 'true', {"user":"    'access-control-allow-credentials': 'true',","metadata":{"emulator":{"name":"functions"},"function":{"name":"api"},"message":"\u001b[90m> \u001b[39m     'access-control-allow-credentials': 'true',"}}
[info] >      'access-control-allow-methods': 'GET, POST, HEAD, OPTIONS, DELETE', {"user":"    'access-control-allow-methods': 'GET, POST, HEAD, OPTIONS, DELETE',","metadata":{"emulator":{"name":"functions"},"function":{"name":"api"},"message":"\u001b[90m> \u001b[39m     'access-control-allow-methods': 'GET, POST, HEAD, OPTIONS, DELETE',"}}
[info] >      'access-control-allow-origin': '*', {"user":"    'access-control-allow-origin': '*',","metadata":{"emulator":{"name":"functions"},"function":{"name":"api"},"message":"\u001b[90m> \u001b[39m     'access-control-allow-origin': '*',"}}
[info] >      'access-control-expose-headers': 'Request-Id, Stripe-Manage-Version, X-Stripe-External-Auth-Required, X-Stripe-Privileged-Session-Required', {"user":"    'access-control-expose-headers': 'Request-Id, Stripe-Manage-Version, X-Stripe-External-Auth-Required, X-Stripe-Privileged-Session-Required',","metadata":{"emulator":{"name":"functions"},"function":{"name":"api"},"message":"\u001b[90m> \u001b[39m     'access-control-expose-headers': 'Request-Id, Stripe-Manage-Version, X-Stripe-External-Auth-Required, X-Stripe-Privileged-Session-Required',"}}
[info] >      'access-control-max-age': '300', {"user":"    'access-control-max-age': '300',","metadata":{"emulator":{"name":"functions"},"function":{"name":"api"},"message":"\u001b[90m> \u001b[39m     'access-control-max-age': '300',"}}
[info] >      'cache-control': 'no-cache, no-store', {"user":"    'cache-control': 'no-cache, no-store',","metadata":{"emulator":{"name":"functions"},"function":{"name":"api"},"message":"\u001b[90m> \u001b[39m     'cache-control': 'no-cache, no-store',"}}
[info] >      'request-id': 'req_5qtcGeYDH0ZCdV', {"user":"    'request-id': 'req_5qtcGeYDH0ZCdV',","metadata":{"emulator":{"name":"functions"},"function":{"name":"api"},"message":"\u001b[90m> \u001b[39m     'request-id': 'req_5qtcGeYDH0ZCdV',"}}
[info] >      'stripe-version': '2020-08-27', {"user":"    'stripe-version': '2020-08-27',","metadata":{"emulator":{"name":"functions"},"function":{"name":"api"},"message":"\u001b[90m> \u001b[39m     'stripe-version': '2020-08-27',"}}
[info] >      'x-stripe-c-cost': '0', {"user":"    'x-stripe-c-cost': '0',","metadata":{"emulator":{"name":"functions"},"function":{"name":"api"},"message":"\u001b[90m> \u001b[39m     'x-stripe-c-cost': '0',"}}
[info] >      'strict-transport-security': 'max-age=31556926; includeSubDomains; preload' {"user":"    'strict-transport-security': 'max-age=31556926; includeSubDomains; preload'","metadata":{"emulator":{"name":"functions"},"function":{"name":"api"},"message":"\u001b[90m> \u001b[39m     'strict-transport-security': 'max-age=31556926; includeSubDomains; preload'"}}
[info] >    }, {"user":"  },","metadata":{"emulator":{"name":"functions"},"function":{"name":"api"},"message":"\u001b[90m> \u001b[39m   },"}}
[info] >    requestId: 'req_5qtcGeYDH0ZCdV', {"user":"  requestId: 'req_5qtcGeYDH0ZCdV',","metadata":{"emulator":{"name":"functions"},"function":{"name":"api"},"message":"\u001b[90m> \u001b[39m   requestId: 'req_5qtcGeYDH0ZCdV',"}}
[info] >    statusCode: 400, {"user":"  statusCode: 400,","metadata":{"emulator":{"name":"functions"},"function":{"name":"api"},"message":"\u001b[90m> \u001b[39m   statusCode: 400,"}}
[info] >    charge: undefined, {"user":"  charge: undefined,","metadata":{"emulator":{"name":"functions"},"function":{"name":"api"},"message":"\u001b[90m> \u001b[39m   charge: undefined,"}}
[info] >    decline_code: undefined, {"user":"  decline_code: undefined,","metadata":{"emulator":{"name":"functions"},"function":{"name":"api"},"message":"\u001b[90m> \u001b[39m   decline_code: undefined,"}}
[info] >    payment_intent: undefined, {"user":"  payment_intent: undefined,","metadata":{"emulator":{"name":"functions"},"function":{"name":"api"},"message":"\u001b[90m> \u001b[39m   payment_intent: undefined,"}}
[info] >    payment_method: undefined, {"user":"  payment_method: undefined,","metadata":{"emulator":{"name":"functions"},"function":{"name":"api"},"message":"\u001b[90m> \u001b[39m   payment_method: undefined,"}}
[info] >    payment_method_type: undefined, {"user":"  payment_method_type: undefined,","metadata":{"emulator":{"name":"functions"},"function":{"name":"api"},"message":"\u001b[90m> \u001b[39m   payment_method_type: undefined,"}}
[info] >    setup_intent: undefined, {"user":"  setup_intent: undefined,","metadata":{"emulator":{"name":"functions"},"function":{"name":"api"},"message":"\u001b[90m> \u001b[39m   setup_intent: undefined,"}}
[info] >    source: undefined {"user":"  source: undefined","metadata":{"emulator":{"name":"functions"},"function":{"name":"api"},"message":"\u001b[90m> \u001b[39m   source: undefined"}}
[info] >  } {"user":"}","metadata":{"emulator":{"name":"functions"},"function":{"name":"api"},"message":"\u001b[90m> \u001b[39m }"}}
[debug] [2021-09-11T13:22:48.033Z] [worker-api-11789f2b-fac8-44cb-b6c9-f4cf42fc8603]: exited {"metadata":{"emulator":{"name":"functions"},"message":"[worker-api-11789f2b-fac8-44cb-b6c9-f4cf42fc8603]: exited"}}
[debug] [2021-09-11T13:22:48.033Z] [worker-api-11789f2b-fac8-44cb-b6c9-f4cf42fc8603]: FINISHED {"metadata":{"emulator":{"name":"functions"},"message":"[worker-api-11789f2b-fac8-44cb-b6c9-f4cf42fc8603]: FINISHED"}}
[debug] [2021-09-11T13:22:48.034Z] [work-queue] {"queueLength":0,"workRunningCount":0}
